[0.013s] Invoking command in '/home/abhishek/mars_rover/rover_ws/build/rc_msgs': /usr/bin/cmake --build /home/abhishek/mars_rover/rover_ws/build/rc_msgs -- -j8 -l8
[0.040s] [  2%] Built target rc_msgs__cpp
[0.040s] [ 10%] Built target rc_msgs__rosidl_generator_c
[0.045s] [ 10%] Built target ament_cmake_python_copy_rc_msgs
[0.057s] [ 17%] Built target rc_msgs__rosidl_typesupport_fastrtps_cpp
[0.057s] [ 25%] Built target rc_msgs__rosidl_typesupport_introspection_cpp
[0.057s] [ 33%] Built target rc_msgs__rosidl_typesupport_cpp
[0.058s] [ 41%] Built target rc_msgs__rosidl_typesupport_microxrcedds_cpp
[0.061s] [ 48%] Built target rc_msgs__rosidl_typesupport_microxrcedds_c
[0.061s] [ 56%] Built target rc_msgs__rosidl_typesupport_c
[0.062s] [ 64%] Built target rc_msgs__rosidl_typesupport_fastrtps_c
[0.062s] [ 71%] Built target rc_msgs__rosidl_typesupport_introspection_c
[0.073s] [ 71%] Built target rc_msgs
[0.084s] [ 74%] Built target rc_msgs__py
[0.097s] [ 79%] Built target rc_msgs__rosidl_generator_py
[0.110s] [ 84%] Built target rc_msgs__rosidl_typesupport_introspection_c__pyext
[0.112s] [ 89%] Built target rc_msgs__rosidl_typesupport_c__pyext
[0.112s] [ 94%] Built target rc_msgs__rosidl_typesupport_microxrcedds_c__pyext
[0.112s] [100%] Built target rc_msgs__rosidl_typesupport_fastrtps_c__pyext
[0.340s] running egg_info
[0.341s] writing rc_msgs.egg-info/PKG-INFO
[0.341s] writing dependency_links to rc_msgs.egg-info/dependency_links.txt
[0.341s] writing top-level names to rc_msgs.egg-info/top_level.txt
[0.343s] reading manifest file 'rc_msgs.egg-info/SOURCES.txt'
[0.343s] writing manifest file 'rc_msgs.egg-info/SOURCES.txt'
[0.360s] [100%] Built target ament_cmake_python_build_rc_msgs_egg
[0.365s] Invoked command in '/home/abhishek/mars_rover/rover_ws/build/rc_msgs' returned '0': /usr/bin/cmake --build /home/abhishek/mars_rover/rover_ws/build/rc_msgs -- -j8 -l8
[0.370s] Invoking command in '/home/abhishek/mars_rover/rover_ws/build/rc_msgs': /usr/bin/cmake --install /home/abhishek/mars_rover/rover_ws/build/rc_msgs
[0.373s] -- Install configuration: ""
[0.373s] -- Up-to-date: /home/abhishek/mars_rover/rover_ws/install/rc_msgs/share/ament_index/resource_index/rosidl_interfaces/rc_msgs
[0.373s] -- Up-to-date: /home/abhishek/mars_rover/rover_ws/install/rc_msgs/include/rc_msgs/rc_msgs
[0.373s] -- Up-to-date: /home/abhishek/mars_rover/rover_ws/install/rc_msgs/include/rc_msgs/rc_msgs/msg
[0.373s] -- Up-to-date: /home/abhishek/mars_rover/rover_ws/install/rc_msgs/include/rc_msgs/rc_msgs/msg/rosidl_generator_c__visibility_control.h
[0.373s] -- Up-to-date: /home/abhishek/mars_rover/rover_ws/install/rc_msgs/include/rc_msgs/rc_msgs/msg/rc_msg.h
[0.373s] -- Up-to-date: /home/abhishek/mars_rover/rover_ws/install/rc_msgs/include/rc_msgs/rc_msgs/msg/detail
[0.373s] -- Up-to-date: /home/abhishek/mars_rover/rover_ws/install/rc_msgs/include/rc_msgs/rc_msgs/msg/detail/rc_msg__functions.h
[0.373s] -- Up-to-date: /home/abhishek/mars_rover/rover_ws/install/rc_msgs/include/rc_msgs/rc_msgs/msg/detail/rc_msg__functions.c
[0.374s] -- Up-to-date: /home/abhishek/mars_rover/rover_ws/install/rc_msgs/include/rc_msgs/rc_msgs/msg/detail/rc_msg__type_support.h
[0.374s] -- Up-to-date: /home/abhishek/mars_rover/rover_ws/install/rc_msgs/include/rc_msgs/rc_msgs/msg/detail/rc_msg__struct.h
[0.374s] -- Up-to-date: /home/abhishek/mars_rover/rover_ws/install/rc_msgs/share/rc_msgs/environment/library_path.sh
[0.374s] -- Up-to-date: /home/abhishek/mars_rover/rover_ws/install/rc_msgs/share/rc_msgs/environment/library_path.dsv
[0.374s] -- Up-to-date: /home/abhishek/mars_rover/rover_ws/install/rc_msgs/lib/librc_msgs__rosidl_generator_c.so
[0.374s] -- Up-to-date: /home/abhishek/mars_rover/rover_ws/install/rc_msgs/include/rc_msgs
[0.374s] -- Up-to-date: /home/abhishek/mars_rover/rover_ws/install/rc_msgs/include/rc_msgs/msg
[0.374s] -- Up-to-date: /home/abhishek/mars_rover/rover_ws/install/rc_msgs/include/rc_msgs/msg/rosidl_typesupport_microxrcedds_c__visibility_control.h
[0.374s] -- Up-to-date: /home/abhishek/mars_rover/rover_ws/install/rc_msgs/include/rc_msgs/msg/detail
[0.374s] -- Up-to-date: /home/abhishek/mars_rover/rover_ws/install/rc_msgs/include/rc_msgs/msg/detail/microxrcedds
[0.374s] -- Up-to-date: /home/abhishek/mars_rover/rover_ws/install/rc_msgs/include/rc_msgs/msg/detail/rc_msg__rosidl_typesupport_microxrcedds_c.h
[0.374s] -- Up-to-date: /home/abhishek/mars_rover/rover_ws/install/rc_msgs/lib/librc_msgs__rosidl_typesupport_microxrcedds_c.so
[0.374s] -- Up-to-date: /home/abhishek/mars_rover/rover_ws/install/rc_msgs/include/rc_msgs/rc_msgs
[0.374s] -- Up-to-date: /home/abhishek/mars_rover/rover_ws/install/rc_msgs/include/rc_msgs/rc_msgs/msg
[0.375s] -- Up-to-date: /home/abhishek/mars_rover/rover_ws/install/rc_msgs/include/rc_msgs/rc_msgs/msg/rosidl_typesupport_fastrtps_c__visibility_control.h
[0.375s] -- Up-to-date: /home/abhishek/mars_rover/rover_ws/install/rc_msgs/include/rc_msgs/rc_msgs/msg/detail
[0.375s] -- Up-to-date: /home/abhishek/mars_rover/rover_ws/install/rc_msgs/include/rc_msgs/rc_msgs/msg/detail/rc_msg__rosidl_typesupport_fastrtps_c.h
[0.375s] -- Up-to-date: /home/abhishek/mars_rover/rover_ws/install/rc_msgs/lib/librc_msgs__rosidl_typesupport_fastrtps_c.so
[0.375s] -- Up-to-date: /home/abhishek/mars_rover/rover_ws/install/rc_msgs/include/rc_msgs/rc_msgs
[0.375s] -- Up-to-date: /home/abhishek/mars_rover/rover_ws/install/rc_msgs/include/rc_msgs/rc_msgs/msg
[0.375s] -- Up-to-date: /home/abhishek/mars_rover/rover_ws/install/rc_msgs/include/rc_msgs/rc_msgs/msg/detail
[0.375s] -- Up-to-date: /home/abhishek/mars_rover/rover_ws/install/rc_msgs/include/rc_msgs/rc_msgs/msg/detail/rc_msg__rosidl_typesupport_introspection_c.h
[0.375s] -- Up-to-date: /home/abhishek/mars_rover/rover_ws/install/rc_msgs/include/rc_msgs/rc_msgs/msg/detail/rc_msg__type_support.c
[0.375s] -- Up-to-date: /home/abhishek/mars_rover/rover_ws/install/rc_msgs/include/rc_msgs/rc_msgs/msg/rosidl_typesupport_introspection_c__visibility_control.h
[0.375s] -- Up-to-date: /home/abhishek/mars_rover/rover_ws/install/rc_msgs/lib/librc_msgs__rosidl_typesupport_introspection_c.so
[0.375s] -- Up-to-date: /home/abhishek/mars_rover/rover_ws/install/rc_msgs/lib/librc_msgs__rosidl_typesupport_c.so
[0.375s] -- Up-to-date: /home/abhishek/mars_rover/rover_ws/install/rc_msgs/include/rc_msgs/rc_msgs
[0.375s] -- Up-to-date: /home/abhishek/mars_rover/rover_ws/install/rc_msgs/include/rc_msgs/rc_msgs/msg
[0.375s] -- Up-to-date: /home/abhishek/mars_rover/rover_ws/install/rc_msgs/include/rc_msgs/rc_msgs/msg/rc_msg.hpp
[0.376s] -- Up-to-date: /home/abhishek/mars_rover/rover_ws/install/rc_msgs/include/rc_msgs/rc_msgs/msg/detail
[0.376s] -- Up-to-date: /home/abhishek/mars_rover/rover_ws/install/rc_msgs/include/rc_msgs/rc_msgs/msg/detail/rc_msg__struct.hpp
[0.376s] -- Up-to-date: /home/abhishek/mars_rover/rover_ws/install/rc_msgs/include/rc_msgs/rc_msgs/msg/detail/rc_msg__builder.hpp
[0.376s] -- Up-to-date: /home/abhishek/mars_rover/rover_ws/install/rc_msgs/include/rc_msgs/rc_msgs/msg/detail/rc_msg__traits.hpp
[0.376s] -- Up-to-date: /home/abhishek/mars_rover/rover_ws/install/rc_msgs/include/rc_msgs
[0.376s] -- Up-to-date: /home/abhishek/mars_rover/rover_ws/install/rc_msgs/include/rc_msgs/msg
[0.376s] -- Up-to-date: /home/abhishek/mars_rover/rover_ws/install/rc_msgs/include/rc_msgs/msg/rosidl_typesupport_microxrcedds_cpp__visibility_control.h
[0.376s] -- Up-to-date: /home/abhishek/mars_rover/rover_ws/install/rc_msgs/include/rc_msgs/msg/detail
[0.376s] -- Up-to-date: /home/abhishek/mars_rover/rover_ws/install/rc_msgs/include/rc_msgs/msg/detail/microxrcedds
[0.376s] -- Up-to-date: /home/abhishek/mars_rover/rover_ws/install/rc_msgs/include/rc_msgs/msg/detail/microxrcedds/rc_msg__type_support_cpp.cpp
[0.376s] -- Up-to-date: /home/abhishek/mars_rover/rover_ws/install/rc_msgs/include/rc_msgs/msg/detail/rc_msg__rosidl_typesupport_microxrcedds_cpp.hpp
[0.376s] -- Up-to-date: /home/abhishek/mars_rover/rover_ws/install/rc_msgs/lib/librc_msgs__rosidl_typesupport_microxrcedds_cpp.so
[0.376s] -- Up-to-date: /home/abhishek/mars_rover/rover_ws/install/rc_msgs/include/rc_msgs/rc_msgs
[0.376s] -- Up-to-date: /home/abhishek/mars_rover/rover_ws/install/rc_msgs/include/rc_msgs/rc_msgs/msg
[0.377s] -- Up-to-date: /home/abhishek/mars_rover/rover_ws/install/rc_msgs/include/rc_msgs/rc_msgs/msg/detail
[0.377s] -- Up-to-date: /home/abhishek/mars_rover/rover_ws/install/rc_msgs/include/rc_msgs/rc_msgs/msg/detail/rc_msg__rosidl_typesupport_fastrtps_cpp.hpp
[0.377s] -- Up-to-date: /home/abhishek/mars_rover/rover_ws/install/rc_msgs/include/rc_msgs/rc_msgs/msg/detail/dds_fastrtps
[0.377s] -- Up-to-date: /home/abhishek/mars_rover/rover_ws/install/rc_msgs/include/rc_msgs/rc_msgs/msg/rosidl_typesupport_fastrtps_cpp__visibility_control.h
[0.377s] -- Up-to-date: /home/abhishek/mars_rover/rover_ws/install/rc_msgs/lib/librc_msgs__rosidl_typesupport_fastrtps_cpp.so
[0.377s] -- Up-to-date: /home/abhishek/mars_rover/rover_ws/install/rc_msgs/include/rc_msgs/rc_msgs
[0.377s] -- Up-to-date: /home/abhishek/mars_rover/rover_ws/install/rc_msgs/include/rc_msgs/rc_msgs/msg
[0.377s] -- Up-to-date: /home/abhishek/mars_rover/rover_ws/install/rc_msgs/include/rc_msgs/rc_msgs/msg/detail
[0.377s] -- Up-to-date: /home/abhishek/mars_rover/rover_ws/install/rc_msgs/include/rc_msgs/rc_msgs/msg/detail/rc_msg__type_support.cpp
[0.377s] -- Up-to-date: /home/abhishek/mars_rover/rover_ws/install/rc_msgs/include/rc_msgs/rc_msgs/msg/detail/rc_msg__rosidl_typesupport_introspection_cpp.hpp
[0.377s] -- Up-to-date: /home/abhishek/mars_rover/rover_ws/install/rc_msgs/lib/librc_msgs__rosidl_typesupport_introspection_cpp.so
[0.377s] -- Up-to-date: /home/abhishek/mars_rover/rover_ws/install/rc_msgs/lib/librc_msgs__rosidl_typesupport_cpp.so
[0.377s] -- Up-to-date: /home/abhishek/mars_rover/rover_ws/install/rc_msgs/share/rc_msgs/environment/pythonpath.sh
[0.377s] -- Up-to-date: /home/abhishek/mars_rover/rover_ws/install/rc_msgs/share/rc_msgs/environment/pythonpath.dsv
[0.377s] -- Up-to-date: /home/abhishek/mars_rover/rover_ws/install/rc_msgs/local/lib/python3.10/dist-packages/rc_msgs-0.0.0-py3.10.egg-info
[0.377s] -- Installing: /home/abhishek/mars_rover/rover_ws/install/rc_msgs/local/lib/python3.10/dist-packages/rc_msgs-0.0.0-py3.10.egg-info/dependency_links.txt
[0.377s] -- Installing: /home/abhishek/mars_rover/rover_ws/install/rc_msgs/local/lib/python3.10/dist-packages/rc_msgs-0.0.0-py3.10.egg-info/top_level.txt
[0.377s] -- Installing: /home/abhishek/mars_rover/rover_ws/install/rc_msgs/local/lib/python3.10/dist-packages/rc_msgs-0.0.0-py3.10.egg-info/PKG-INFO
[0.377s] -- Installing: /home/abhishek/mars_rover/rover_ws/install/rc_msgs/local/lib/python3.10/dist-packages/rc_msgs-0.0.0-py3.10.egg-info/SOURCES.txt
[0.378s] -- Up-to-date: /home/abhishek/mars_rover/rover_ws/install/rc_msgs/local/lib/python3.10/dist-packages/rc_msgs
[0.378s] -- Up-to-date: /home/abhishek/mars_rover/rover_ws/install/rc_msgs/local/lib/python3.10/dist-packages/rc_msgs/msg
[0.378s] -- Up-to-date: /home/abhishek/mars_rover/rover_ws/install/rc_msgs/local/lib/python3.10/dist-packages/rc_msgs/msg/_rc_msg_s.c
[0.378s] -- Up-to-date: /home/abhishek/mars_rover/rover_ws/install/rc_msgs/local/lib/python3.10/dist-packages/rc_msgs/msg/__init__.py
[0.378s] -- Up-to-date: /home/abhishek/mars_rover/rover_ws/install/rc_msgs/local/lib/python3.10/dist-packages/rc_msgs/msg/_rc_msg.py
[0.378s] -- Up-to-date: /home/abhishek/mars_rover/rover_ws/install/rc_msgs/local/lib/python3.10/dist-packages/rc_msgs/_rc_msgs_s.ep.rosidl_typesupport_c.c
[0.378s] -- Up-to-date: /home/abhishek/mars_rover/rover_ws/install/rc_msgs/local/lib/python3.10/dist-packages/rc_msgs/_rc_msgs_s.ep.rosidl_typesupport_introspection_c.c
[0.378s] -- Up-to-date: /home/abhishek/mars_rover/rover_ws/install/rc_msgs/local/lib/python3.10/dist-packages/rc_msgs/_rc_msgs_s.ep.rosidl_typesupport_fastrtps_c.c
[0.378s] -- Up-to-date: /home/abhishek/mars_rover/rover_ws/install/rc_msgs/local/lib/python3.10/dist-packages/rc_msgs/rc_msgs_s__rosidl_typesupport_microxrcedds_c.cpython-310-x86_64-linux-gnu.so
[0.378s] -- Up-to-date: /home/abhishek/mars_rover/rover_ws/install/rc_msgs/local/lib/python3.10/dist-packages/rc_msgs/__init__.py
[0.378s] -- Up-to-date: /home/abhishek/mars_rover/rover_ws/install/rc_msgs/local/lib/python3.10/dist-packages/rc_msgs/rc_msgs_s__rosidl_typesupport_introspection_c.cpython-310-x86_64-linux-gnu.so
[0.378s] -- Up-to-date: /home/abhishek/mars_rover/rover_ws/install/rc_msgs/local/lib/python3.10/dist-packages/rc_msgs/rc_msgs_s__rosidl_typesupport_fastrtps_c.cpython-310-x86_64-linux-gnu.so
[0.378s] -- Up-to-date: /home/abhishek/mars_rover/rover_ws/install/rc_msgs/local/lib/python3.10/dist-packages/rc_msgs/librc_msgs__rosidl_generator_py.so
[0.378s] -- Up-to-date: /home/abhishek/mars_rover/rover_ws/install/rc_msgs/local/lib/python3.10/dist-packages/rc_msgs/_rc_msgs_s.ep.rosidl_typesupport_microxrcedds_c.c
[0.378s] -- Up-to-date: /home/abhishek/mars_rover/rover_ws/install/rc_msgs/local/lib/python3.10/dist-packages/rc_msgs/rc_msgs_s__rosidl_typesupport_c.cpython-310-x86_64-linux-gnu.so
[0.414s] Listing '/home/abhishek/mars_rover/rover_ws/install/rc_msgs/local/lib/python3.10/dist-packages/rc_msgs'...
[0.414s] Listing '/home/abhishek/mars_rover/rover_ws/install/rc_msgs/local/lib/python3.10/dist-packages/rc_msgs/msg'...
[0.417s] -- Up-to-date: /home/abhishek/mars_rover/rover_ws/install/rc_msgs/local/lib/python3.10/dist-packages/rc_msgs/rc_msgs_s__rosidl_typesupport_microxrcedds_c.cpython-310-x86_64-linux-gnu.so
[0.417s] -- Up-to-date: /home/abhishek/mars_rover/rover_ws/install/rc_msgs/local/lib/python3.10/dist-packages/rc_msgs/rc_msgs_s__rosidl_typesupport_fastrtps_c.cpython-310-x86_64-linux-gnu.so
[0.417s] -- Up-to-date: /home/abhishek/mars_rover/rover_ws/install/rc_msgs/local/lib/python3.10/dist-packages/rc_msgs/rc_msgs_s__rosidl_typesupport_introspection_c.cpython-310-x86_64-linux-gnu.so
[0.418s] -- Up-to-date: /home/abhishek/mars_rover/rover_ws/install/rc_msgs/local/lib/python3.10/dist-packages/rc_msgs/rc_msgs_s__rosidl_typesupport_c.cpython-310-x86_64-linux-gnu.so
[0.418s] -- Up-to-date: /home/abhishek/mars_rover/rover_ws/install/rc_msgs/lib/librc_msgs__rosidl_generator_py.so
[0.418s] -- Up-to-date: /home/abhishek/mars_rover/rover_ws/install/rc_msgs/share/rc_msgs/msg/RcMsg.idl
[0.418s] -- Up-to-date: /home/abhishek/mars_rover/rover_ws/install/rc_msgs/share/rc_msgs/msg/RcMsg.msg
[0.418s] -- Up-to-date: /home/abhishek/mars_rover/rover_ws/install/rc_msgs/share/ament_index/resource_index/package_run_dependencies/rc_msgs
[0.418s] -- Up-to-date: /home/abhishek/mars_rover/rover_ws/install/rc_msgs/share/ament_index/resource_index/parent_prefix_path/rc_msgs
[0.418s] -- Up-to-date: /home/abhishek/mars_rover/rover_ws/install/rc_msgs/share/rc_msgs/environment/ament_prefix_path.sh
[0.418s] -- Up-to-date: /home/abhishek/mars_rover/rover_ws/install/rc_msgs/share/rc_msgs/environment/ament_prefix_path.dsv
[0.418s] -- Up-to-date: /home/abhishek/mars_rover/rover_ws/install/rc_msgs/share/rc_msgs/environment/path.sh
[0.418s] -- Up-to-date: /home/abhishek/mars_rover/rover_ws/install/rc_msgs/share/rc_msgs/environment/path.dsv
[0.419s] -- Up-to-date: /home/abhishek/mars_rover/rover_ws/install/rc_msgs/share/rc_msgs/local_setup.bash
[0.419s] -- Up-to-date: /home/abhishek/mars_rover/rover_ws/install/rc_msgs/share/rc_msgs/local_setup.sh
[0.419s] -- Up-to-date: /home/abhishek/mars_rover/rover_ws/install/rc_msgs/share/rc_msgs/local_setup.zsh
[0.419s] -- Up-to-date: /home/abhishek/mars_rover/rover_ws/install/rc_msgs/share/rc_msgs/local_setup.dsv
[0.419s] -- Installing: /home/abhishek/mars_rover/rover_ws/install/rc_msgs/share/rc_msgs/package.dsv
[0.419s] -- Up-to-date: /home/abhishek/mars_rover/rover_ws/install/rc_msgs/share/ament_index/resource_index/packages/rc_msgs
[0.419s] -- Up-to-date: /home/abhishek/mars_rover/rover_ws/install/rc_msgs/share/rc_msgs/cmake/export_rc_msgs__rosidl_generator_cExport.cmake
[0.419s] -- Up-to-date: /home/abhishek/mars_rover/rover_ws/install/rc_msgs/share/rc_msgs/cmake/export_rc_msgs__rosidl_generator_cExport-noconfig.cmake
[0.419s] -- Up-to-date: /home/abhishek/mars_rover/rover_ws/install/rc_msgs/share/rc_msgs/cmake/export_rc_msgs__rosidl_typesupport_fastrtps_cExport.cmake
[0.419s] -- Up-to-date: /home/abhishek/mars_rover/rover_ws/install/rc_msgs/share/rc_msgs/cmake/export_rc_msgs__rosidl_typesupport_fastrtps_cExport-noconfig.cmake
[0.419s] -- Up-to-date: /home/abhishek/mars_rover/rover_ws/install/rc_msgs/share/rc_msgs/cmake/rc_msgs__rosidl_typesupport_introspection_cExport.cmake
[0.419s] -- Up-to-date: /home/abhishek/mars_rover/rover_ws/install/rc_msgs/share/rc_msgs/cmake/rc_msgs__rosidl_typesupport_introspection_cExport-noconfig.cmake
[0.420s] -- Up-to-date: /home/abhishek/mars_rover/rover_ws/install/rc_msgs/share/rc_msgs/cmake/rc_msgs__rosidl_typesupport_cExport.cmake
[0.420s] -- Up-to-date: /home/abhishek/mars_rover/rover_ws/install/rc_msgs/share/rc_msgs/cmake/rc_msgs__rosidl_typesupport_cExport-noconfig.cmake
[0.420s] -- Up-to-date: /home/abhishek/mars_rover/rover_ws/install/rc_msgs/share/rc_msgs/cmake/export_rc_msgs__rosidl_generator_cppExport.cmake
[0.420s] -- Up-to-date: /home/abhishek/mars_rover/rover_ws/install/rc_msgs/share/rc_msgs/cmake/export_rc_msgs__rosidl_typesupport_fastrtps_cppExport.cmake
[0.420s] -- Up-to-date: /home/abhishek/mars_rover/rover_ws/install/rc_msgs/share/rc_msgs/cmake/export_rc_msgs__rosidl_typesupport_fastrtps_cppExport-noconfig.cmake
[0.420s] -- Up-to-date: /home/abhishek/mars_rover/rover_ws/install/rc_msgs/share/rc_msgs/cmake/rc_msgs__rosidl_typesupport_introspection_cppExport.cmake
[0.420s] -- Up-to-date: /home/abhishek/mars_rover/rover_ws/install/rc_msgs/share/rc_msgs/cmake/rc_msgs__rosidl_typesupport_introspection_cppExport-noconfig.cmake
[0.420s] -- Up-to-date: /home/abhishek/mars_rover/rover_ws/install/rc_msgs/share/rc_msgs/cmake/rc_msgs__rosidl_typesupport_cppExport.cmake
[0.420s] -- Up-to-date: /home/abhishek/mars_rover/rover_ws/install/rc_msgs/share/rc_msgs/cmake/rc_msgs__rosidl_typesupport_cppExport-noconfig.cmake
[0.420s] -- Up-to-date: /home/abhishek/mars_rover/rover_ws/install/rc_msgs/share/rc_msgs/cmake/export_rc_msgs__rosidl_generator_pyExport.cmake
[0.420s] -- Up-to-date: /home/abhishek/mars_rover/rover_ws/install/rc_msgs/share/rc_msgs/cmake/export_rc_msgs__rosidl_generator_pyExport-noconfig.cmake
[0.420s] -- Up-to-date: /home/abhishek/mars_rover/rover_ws/install/rc_msgs/share/rc_msgs/cmake/rosidl_cmake-extras.cmake
[0.420s] -- Up-to-date: /home/abhishek/mars_rover/rover_ws/install/rc_msgs/share/rc_msgs/cmake/ament_cmake_export_include_directories-extras.cmake
[0.420s] -- Up-to-date: /home/abhishek/mars_rover/rover_ws/install/rc_msgs/share/rc_msgs/cmake/ament_cmake_export_libraries-extras.cmake
[0.420s] -- Up-to-date: /home/abhishek/mars_rover/rover_ws/install/rc_msgs/share/rc_msgs/cmake/ament_cmake_export_targets-extras.cmake
[0.420s] -- Up-to-date: /home/abhishek/mars_rover/rover_ws/install/rc_msgs/share/rc_msgs/cmake/rosidl_cmake_export_typesupport_targets-extras.cmake
[0.420s] -- Up-to-date: /home/abhishek/mars_rover/rover_ws/install/rc_msgs/share/rc_msgs/cmake/ament_cmake_export_dependencies-extras.cmake
[0.420s] -- Up-to-date: /home/abhishek/mars_rover/rover_ws/install/rc_msgs/share/rc_msgs/cmake/rosidl_cmake_export_typesupport_libraries-extras.cmake
[0.420s] -- Up-to-date: /home/abhishek/mars_rover/rover_ws/install/rc_msgs/share/rc_msgs/cmake/rc_msgsConfig.cmake
[0.420s] -- Up-to-date: /home/abhishek/mars_rover/rover_ws/install/rc_msgs/share/rc_msgs/cmake/rc_msgsConfig-version.cmake
[0.420s] -- Up-to-date: /home/abhishek/mars_rover/rover_ws/install/rc_msgs/share/rc_msgs/package.xml
[0.421s] Invoked command in '/home/abhishek/mars_rover/rover_ws/build/rc_msgs' returned '0': /usr/bin/cmake --install /home/abhishek/mars_rover/rover_ws/build/rc_msgs
