[0.819s] Invoking command in '/home/abhishek/mars_rover/rover_ws/build/rover_control': PYTHONPATH=/home/abhishek/mars_rover/rover_ws/build/rover_control/prefix_override:/usr/lib/python3/dist-packages/colcon_core/task/python/colcon_distutils_commands:/home/abhishek/mars_rover/rover_ws/install/rover_control/lib/python3.10/site-packages:${PYTHONPATH} /usr/bin/python3 -W ignore:setup.py install is deprecated -W ignore:easy_install command is deprecated setup.py develop --editable --build-directory /home/abhishek/mars_rover/rover_ws/build/rover_control/build --no-deps symlink_data
[1.108s] running develop
[1.304s] running egg_info
[1.304s] creating rover_control.egg-info
[1.304s] writing rover_control.egg-info/PKG-INFO
[1.304s] writing dependency_links to rover_control.egg-info/dependency_links.txt
[1.304s] writing entry points to rover_control.egg-info/entry_points.txt
[1.305s] writing requirements to rover_control.egg-info/requires.txt
[1.305s] writing top-level names to rover_control.egg-info/top_level.txt
[1.305s] writing manifest file 'rover_control.egg-info/SOURCES.txt'
[1.306s] reading manifest file 'rover_control.egg-info/SOURCES.txt'
[1.307s] writing manifest file 'rover_control.egg-info/SOURCES.txt'
[1.344s] running build_ext
[1.344s] Creating /home/abhishek/mars_rover/rover_ws/install/rover_control/lib/python3.10/site-packages/rover-control.egg-link (link to .)
[1.344s] Installing rc_control script to /home/abhishek/mars_rover/rover_ws/install/rover_control/lib/rover_control
[1.344s] 
[1.345s] Installed /home/abhishek/mars_rover/rover_ws/build/rover_control
[1.345s] running symlink_data
[1.345s] creating /home/abhishek/mars_rover/rover_ws/install/rover_control/share/ament_index
[1.345s] creating /home/abhishek/mars_rover/rover_ws/install/rover_control/share/ament_index/resource_index
[1.345s] creating /home/abhishek/mars_rover/rover_ws/install/rover_control/share/ament_index/resource_index/packages
[1.345s] symbolically linking /home/abhishek/mars_rover/rover_ws/build/rover_control/resource/rover_control -> /home/abhishek/mars_rover/rover_ws/install/rover_control/share/ament_index/resource_index/packages
[1.345s] symbolically linking /home/abhishek/mars_rover/rover_ws/build/rover_control/package.xml -> /home/abhishek/mars_rover/rover_ws/install/rover_control/share/rover_control
[1.370s] Invoked command in '/home/abhishek/mars_rover/rover_ws/build/rover_control' returned '0': PYTHONPATH=/home/abhishek/mars_rover/rover_ws/build/rover_control/prefix_override:/usr/lib/python3/dist-packages/colcon_core/task/python/colcon_distutils_commands:/home/abhishek/mars_rover/rover_ws/install/rover_control/lib/python3.10/site-packages:${PYTHONPATH} /usr/bin/python3 -W ignore:setup.py install is deprecated -W ignore:easy_install command is deprecated setup.py develop --editable --build-directory /home/abhishek/mars_rover/rover_ws/build/rover_control/build --no-deps symlink_data
