-- The C compiler identification is GNU 11.4.0
-- The CXX compiler identification is GNU 11.4.0
-- Detecting C compiler ABI info
-- Detecting C compiler ABI info - done
-- Check for working C compiler: /usr/bin/cc - skipped
-- Detecting C compile features
-- Detecting C compile features - done
-- Detecting CXX compiler ABI info
-- Detecting CXX compiler ABI info - done
-- Check for working CXX compiler: /usr/bin/c++ - skipped
-- Detecting CXX compile features
-- Detecting CXX compile features - done
-- Found ament_cmake: 1.3.10 (/opt/ros/humble/share/ament_cmake/cmake)
-- Found Python3: /usr/bin/python3 (found version "3.10.12") found components: Interpreter 
-- Found rosidl_default_generators: 1.2.0 (/opt/ros/humble/share/rosidl_default_generators/cmake)
-- Using all available rosidl_typesupport_c: rosidl_typesupport_microxrcedds_c;rosidl_typesupport_fastrtps_c;rosidl_typesupport_introspection_c
-- Found rosidl_adapter: 3.1.5 (/opt/ros/humble/share/rosidl_adapter/cmake)
-- Using all available rosidl_typesupport_cpp: rosidl_typesupport_microxrcedds_cpp;rosidl_typesupport_fastrtps_cpp;rosidl_typesupport_introspection_cpp
-- Found ament_cmake_ros: 0.10.0 (/opt/ros/humble/share/ament_cmake_ros/cmake)
-- Using all available rosidl_typesupport_c: rosidl_typesupport_microxrcedds_c;rosidl_typesupport_fastrtps_c;rosidl_typesupport_introspection_c
-- Using all available rosidl_typesupport_cpp: rosidl_typesupport_microxrcedds_cpp;rosidl_typesupport_fastrtps_cpp;rosidl_typesupport_introspection_cpp
-- Found PythonInterp: /usr/bin/python3 (found suitable version "3.10.12", minimum required is "3.6") 
-- Found python_cmake_module: 0.10.0 (/opt/ros/humble/share/python_cmake_module/cmake)
-- Found PythonLibs: /usr/lib/x86_64-linux-gnu/libpython3.10.so (found suitable version "3.10.12", minimum required is "3.5") 
-- Using PYTHON_EXECUTABLE: /usr/bin/python3
-- Using PYTHON_INCLUDE_DIRS: /usr/include/python3.10
-- Using PYTHON_LIBRARIES: /usr/lib/x86_64-linux-gnu/libpython3.10.so
-- Found PythonExtra: .so  
-- Found ament_lint_auto: 0.12.11 (/opt/ros/humble/share/ament_lint_auto/cmake)
-- Configuring done
-- Generating done
-- Build files have been written to: /home/abhishek/mars_rover/rover_ws/build/rc_msgs
[  2%] [34m[1mGenerating C code for ROS interfaces[0m
[  5%] [34m[1mGenerating C++ code for ROS interfaces[0m
[  5%] Built target ament_cmake_python_copy_rc_msgs
[  7%] [32mBuilding C object CMakeFiles/rc_msgs__rosidl_generator_c.dir/rosidl_generator_c/rc_msgs/msg/detail/rc_msg__functions.c.o[0m
[  7%] Built target rc_msgs__cpp
[ 12%] [34m[1mGenerating C++ type support dispatch for ROS interfaces[0m
[ 12%] [34m[1mGenerating C++ type support for eProsima Micro XRCE-DDS[0m
[ 15%] [34m[1mGenerating C++ type support for eProsima Fast-RTPS[0m
[ 17%] [34m[1mGenerating C++ introspection for ROS interfaces[0m
[ 20%] [32m[1mLinking C shared library librc_msgs__rosidl_generator_c.so[0m
[ 20%] Built target rc_msgs__rosidl_generator_c
[ 23%] [34m[1mGenerating C type support for eProsima Micro XRCE-DDS[0m
[ 25%] [34m[1mGenerating C type support for eProsima Fast-RTPS[0m
[ 28%] [34m[1mGenerating C introspection for ROS interfaces[0m
running egg_info
creating rc_msgs.egg-info
writing rc_msgs.egg-info/PKG-INFO
writing dependency_links to rc_msgs.egg-info/dependency_links.txt
writing top-level names to rc_msgs.egg-info/top_level.txt
writing manifest file 'rc_msgs.egg-info/SOURCES.txt'
reading manifest file 'rc_msgs.egg-info/SOURCES.txt'
writing manifest file 'rc_msgs.egg-info/SOURCES.txt'
[ 28%] Built target ament_cmake_python_build_rc_msgs_egg
[ 30%] [34m[1mGenerating C type support dispatch for ROS interfaces[0m
[ 33%] [32mBuilding CXX object CMakeFiles/rc_msgs__rosidl_typesupport_cpp.dir/rosidl_typesupport_cpp/rc_msgs/msg/rc_msg__type_support.cpp.o[0m
[ 35%] [32mBuilding CXX object CMakeFiles/rc_msgs__rosidl_typesupport_microxrcedds_cpp.dir/rosidl_typesupport_microxrcedds_cpp/rc_msgs/msg/detail/microxrcedds/rc_msg__type_support_cpp.cpp.o[0m
[ 38%] [32mBuilding CXX object CMakeFiles/rc_msgs__rosidl_typesupport_fastrtps_cpp.dir/rosidl_typesupport_fastrtps_cpp/rc_msgs/msg/detail/dds_fastrtps/rc_msg__type_support.cpp.o[0m
[ 41%] [32mBuilding CXX object CMakeFiles/rc_msgs__rosidl_typesupport_introspection_cpp.dir/rosidl_typesupport_introspection_cpp/rc_msgs/msg/detail/rc_msg__type_support.cpp.o[0m
[ 43%] [32mBuilding C object CMakeFiles/rc_msgs__rosidl_typesupport_introspection_c.dir/rosidl_typesupport_introspection_c/rc_msgs/msg/detail/rc_msg__type_support.c.o[0m
[ 46%] [32mBuilding C object CMakeFiles/rc_msgs__rosidl_typesupport_microxrcedds_c.dir/rosidl_typesupport_microxrcedds_c/rc_msgs/msg/detail/microxrcedds/rc_msg__type_support_c.c.o[0m
[ 48%] [32m[1mLinking C shared library librc_msgs__rosidl_typesupport_introspection_c.so[0m
[ 51%] [32mBuilding CXX object CMakeFiles/rc_msgs__rosidl_typesupport_fastrtps_c.dir/rosidl_typesupport_fastrtps_c/rc_msgs/msg/detail/rc_msg__type_support_c.cpp.o[0m
[ 53%] [32m[1mLinking C shared library librc_msgs__rosidl_typesupport_microxrcedds_c.so[0m
[ 53%] Built target rc_msgs__rosidl_typesupport_introspection_c
[ 56%] [32mBuilding CXX object CMakeFiles/rc_msgs__rosidl_typesupport_c.dir/rosidl_typesupport_c/rc_msgs/msg/rc_msg__type_support.cpp.o[0m
[ 56%] Built target rc_msgs__rosidl_typesupport_microxrcedds_c
[ 58%] [32m[1mLinking CXX shared library librc_msgs__rosidl_typesupport_c.so[0m
[ 58%] Built target rc_msgs__rosidl_typesupport_c
[ 61%] [32m[1mLinking CXX shared library librc_msgs__rosidl_typesupport_cpp.so[0m
[ 61%] Built target rc_msgs__rosidl_typesupport_cpp
[ 64%] [32m[1mLinking CXX shared library librc_msgs__rosidl_typesupport_microxrcedds_cpp.so[0m
[ 64%] Built target rc_msgs__rosidl_typesupport_microxrcedds_cpp
[ 66%] [32m[1mLinking CXX shared library librc_msgs__rosidl_typesupport_fastrtps_cpp.so[0m
[ 69%] [32m[1mLinking CXX shared library librc_msgs__rosidl_typesupport_fastrtps_c.so[0m
[ 71%] [32m[1mLinking CXX shared library librc_msgs__rosidl_typesupport_introspection_cpp.so[0m
[ 71%] Built target rc_msgs__rosidl_typesupport_introspection_cpp
[ 71%] Built target rc_msgs__rosidl_typesupport_fastrtps_cpp
[ 71%] Built target rc_msgs__rosidl_typesupport_fastrtps_c
[ 71%] Built target rc_msgs
[ 74%] [34m[1mGenerating Python code for ROS interfaces[0m
[ 74%] Built target rc_msgs__py
[ 76%] [32mBuilding C object CMakeFiles/rc_msgs__rosidl_generator_py.dir/rosidl_generator_py/rc_msgs/msg/_rc_msg_s.c.o[0m
[ 79%] [32m[1mLinking C shared library rosidl_generator_py/rc_msgs/librc_msgs__rosidl_generator_py.so[0m
[ 79%] Built target rc_msgs__rosidl_generator_py
[ 89%] [32mBuilding C object CMakeFiles/rc_msgs__rosidl_typesupport_c__pyext.dir/rosidl_generator_py/rc_msgs/_rc_msgs_s.ep.rosidl_typesupport_c.c.o[0m
[ 89%] [32mBuilding C object CMakeFiles/rc_msgs__rosidl_typesupport_microxrcedds_c__pyext.dir/rosidl_generator_py/rc_msgs/_rc_msgs_s.ep.rosidl_typesupport_microxrcedds_c.c.o[0m
[ 89%] [32mBuilding C object CMakeFiles/rc_msgs__rosidl_typesupport_introspection_c__pyext.dir/rosidl_generator_py/rc_msgs/_rc_msgs_s.ep.rosidl_typesupport_introspection_c.c.o[0m
[ 89%] [32mBuilding C object CMakeFiles/rc_msgs__rosidl_typesupport_fastrtps_c__pyext.dir/rosidl_generator_py/rc_msgs/_rc_msgs_s.ep.rosidl_typesupport_fastrtps_c.c.o[0m
[ 92%] [32m[1mLinking C shared library rosidl_generator_py/rc_msgs/rc_msgs_s__rosidl_typesupport_introspection_c.cpython-310-x86_64-linux-gnu.so[0m
[ 94%] [32m[1mLinking C shared library rosidl_generator_py/rc_msgs/rc_msgs_s__rosidl_typesupport_c.cpython-310-x86_64-linux-gnu.so[0m
[ 97%] [32m[1mLinking C shared library rosidl_generator_py/rc_msgs/rc_msgs_s__rosidl_typesupport_fastrtps_c.cpython-310-x86_64-linux-gnu.so[0m
[100%] [32m[1mLinking C shared library rosidl_generator_py/rc_msgs/rc_msgs_s__rosidl_typesupport_microxrcedds_c.cpython-310-x86_64-linux-gnu.so[0m
[100%] Built target rc_msgs__rosidl_typesupport_c__pyext
[100%] Built target rc_msgs__rosidl_typesupport_introspection_c__pyext
[100%] Built target rc_msgs__rosidl_typesupport_fastrtps_c__pyext
[100%] Built target rc_msgs__rosidl_typesupport_microxrcedds_c__pyext
-- Install configuration: ""
-- Installing: /home/abhishek/mars_rover/rover_ws/install/rc_msgs/share/ament_index/resource_index/rosidl_interfaces/rc_msgs
-- Installing: /home/abhishek/mars_rover/rover_ws/install/rc_msgs/include/rc_msgs/rc_msgs
-- Installing: /home/abhishek/mars_rover/rover_ws/install/rc_msgs/include/rc_msgs/rc_msgs/msg
-- Installing: /home/abhishek/mars_rover/rover_ws/install/rc_msgs/include/rc_msgs/rc_msgs/msg/rosidl_generator_c__visibility_control.h
-- Installing: /home/abhishek/mars_rover/rover_ws/install/rc_msgs/include/rc_msgs/rc_msgs/msg/rc_msg.h
-- Installing: /home/abhishek/mars_rover/rover_ws/install/rc_msgs/include/rc_msgs/rc_msgs/msg/detail
-- Installing: /home/abhishek/mars_rover/rover_ws/install/rc_msgs/include/rc_msgs/rc_msgs/msg/detail/rc_msg__functions.h
-- Installing: /home/abhishek/mars_rover/rover_ws/install/rc_msgs/include/rc_msgs/rc_msgs/msg/detail/rc_msg__functions.c
-- Installing: /home/abhishek/mars_rover/rover_ws/install/rc_msgs/include/rc_msgs/rc_msgs/msg/detail/rc_msg__type_support.h
-- Installing: /home/abhishek/mars_rover/rover_ws/install/rc_msgs/include/rc_msgs/rc_msgs/msg/detail/rc_msg__struct.h
-- Installing: /home/abhishek/mars_rover/rover_ws/install/rc_msgs/share/rc_msgs/environment/library_path.sh
-- Installing: /home/abhishek/mars_rover/rover_ws/install/rc_msgs/share/rc_msgs/environment/library_path.dsv
-- Installing: /home/abhishek/mars_rover/rover_ws/install/rc_msgs/lib/librc_msgs__rosidl_generator_c.so
-- Set runtime path of "/home/abhishek/mars_rover/rover_ws/install/rc_msgs/lib/librc_msgs__rosidl_generator_c.so" to ""
-- Up-to-date: /home/abhishek/mars_rover/rover_ws/install/rc_msgs/include/rc_msgs
-- Installing: /home/abhishek/mars_rover/rover_ws/install/rc_msgs/include/rc_msgs/msg
-- Installing: /home/abhishek/mars_rover/rover_ws/install/rc_msgs/include/rc_msgs/msg/rosidl_typesupport_microxrcedds_c__visibility_control.h
-- Installing: /home/abhishek/mars_rover/rover_ws/install/rc_msgs/include/rc_msgs/msg/detail
-- Installing: /home/abhishek/mars_rover/rover_ws/install/rc_msgs/include/rc_msgs/msg/detail/microxrcedds
-- Installing: /home/abhishek/mars_rover/rover_ws/install/rc_msgs/include/rc_msgs/msg/detail/rc_msg__rosidl_typesupport_microxrcedds_c.h
-- Installing: /home/abhishek/mars_rover/rover_ws/install/rc_msgs/lib/librc_msgs__rosidl_typesupport_microxrcedds_c.so
-- Set runtime path of "/home/abhishek/mars_rover/rover_ws/install/rc_msgs/lib/librc_msgs__rosidl_typesupport_microxrcedds_c.so" to ""
-- Up-to-date: /home/abhishek/mars_rover/rover_ws/install/rc_msgs/include/rc_msgs/rc_msgs
-- Up-to-date: /home/abhishek/mars_rover/rover_ws/install/rc_msgs/include/rc_msgs/rc_msgs/msg
-- Installing: /home/abhishek/mars_rover/rover_ws/install/rc_msgs/include/rc_msgs/rc_msgs/msg/rosidl_typesupport_fastrtps_c__visibility_control.h
-- Up-to-date: /home/abhishek/mars_rover/rover_ws/install/rc_msgs/include/rc_msgs/rc_msgs/msg/detail
-- Installing: /home/abhishek/mars_rover/rover_ws/install/rc_msgs/include/rc_msgs/rc_msgs/msg/detail/rc_msg__rosidl_typesupport_fastrtps_c.h
-- Installing: /home/abhishek/mars_rover/rover_ws/install/rc_msgs/lib/librc_msgs__rosidl_typesupport_fastrtps_c.so
-- Set runtime path of "/home/abhishek/mars_rover/rover_ws/install/rc_msgs/lib/librc_msgs__rosidl_typesupport_fastrtps_c.so" to ""
-- Up-to-date: /home/abhishek/mars_rover/rover_ws/install/rc_msgs/include/rc_msgs/rc_msgs
-- Up-to-date: /home/abhishek/mars_rover/rover_ws/install/rc_msgs/include/rc_msgs/rc_msgs/msg
-- Up-to-date: /home/abhishek/mars_rover/rover_ws/install/rc_msgs/include/rc_msgs/rc_msgs/msg/detail
-- Installing: /home/abhishek/mars_rover/rover_ws/install/rc_msgs/include/rc_msgs/rc_msgs/msg/detail/rc_msg__rosidl_typesupport_introspection_c.h
-- Installing: /home/abhishek/mars_rover/rover_ws/install/rc_msgs/include/rc_msgs/rc_msgs/msg/detail/rc_msg__type_support.c
-- Installing: /home/abhishek/mars_rover/rover_ws/install/rc_msgs/include/rc_msgs/rc_msgs/msg/rosidl_typesupport_introspection_c__visibility_control.h
-- Installing: /home/abhishek/mars_rover/rover_ws/install/rc_msgs/lib/librc_msgs__rosidl_typesupport_introspection_c.so
-- Set runtime path of "/home/abhishek/mars_rover/rover_ws/install/rc_msgs/lib/librc_msgs__rosidl_typesupport_introspection_c.so" to ""
-- Installing: /home/abhishek/mars_rover/rover_ws/install/rc_msgs/lib/librc_msgs__rosidl_typesupport_c.so
-- Set runtime path of "/home/abhishek/mars_rover/rover_ws/install/rc_msgs/lib/librc_msgs__rosidl_typesupport_c.so" to ""
-- Up-to-date: /home/abhishek/mars_rover/rover_ws/install/rc_msgs/include/rc_msgs/rc_msgs
-- Up-to-date: /home/abhishek/mars_rover/rover_ws/install/rc_msgs/include/rc_msgs/rc_msgs/msg
-- Installing: /home/abhishek/mars_rover/rover_ws/install/rc_msgs/include/rc_msgs/rc_msgs/msg/rc_msg.hpp
-- Up-to-date: /home/abhishek/mars_rover/rover_ws/install/rc_msgs/include/rc_msgs/rc_msgs/msg/detail
-- Installing: /home/abhishek/mars_rover/rover_ws/install/rc_msgs/include/rc_msgs/rc_msgs/msg/detail/rc_msg__struct.hpp
-- Installing: /home/abhishek/mars_rover/rover_ws/install/rc_msgs/include/rc_msgs/rc_msgs/msg/detail/rc_msg__builder.hpp
-- Installing: /home/abhishek/mars_rover/rover_ws/install/rc_msgs/include/rc_msgs/rc_msgs/msg/detail/rc_msg__traits.hpp
-- Up-to-date: /home/abhishek/mars_rover/rover_ws/install/rc_msgs/include/rc_msgs
-- Up-to-date: /home/abhishek/mars_rover/rover_ws/install/rc_msgs/include/rc_msgs/msg
-- Installing: /home/abhishek/mars_rover/rover_ws/install/rc_msgs/include/rc_msgs/msg/rosidl_typesupport_microxrcedds_cpp__visibility_control.h
-- Up-to-date: /home/abhishek/mars_rover/rover_ws/install/rc_msgs/include/rc_msgs/msg/detail
-- Up-to-date: /home/abhishek/mars_rover/rover_ws/install/rc_msgs/include/rc_msgs/msg/detail/microxrcedds
-- Installing: /home/abhishek/mars_rover/rover_ws/install/rc_msgs/include/rc_msgs/msg/detail/microxrcedds/rc_msg__type_support_cpp.cpp
-- Installing: /home/abhishek/mars_rover/rover_ws/install/rc_msgs/include/rc_msgs/msg/detail/rc_msg__rosidl_typesupport_microxrcedds_cpp.hpp
-- Installing: /home/abhishek/mars_rover/rover_ws/install/rc_msgs/lib/librc_msgs__rosidl_typesupport_microxrcedds_cpp.so
-- Set runtime path of "/home/abhishek/mars_rover/rover_ws/install/rc_msgs/lib/librc_msgs__rosidl_typesupport_microxrcedds_cpp.so" to ""
-- Up-to-date: /home/abhishek/mars_rover/rover_ws/install/rc_msgs/include/rc_msgs/rc_msgs
-- Up-to-date: /home/abhishek/mars_rover/rover_ws/install/rc_msgs/include/rc_msgs/rc_msgs/msg
-- Up-to-date: /home/abhishek/mars_rover/rover_ws/install/rc_msgs/include/rc_msgs/rc_msgs/msg/detail
-- Installing: /home/abhishek/mars_rover/rover_ws/install/rc_msgs/include/rc_msgs/rc_msgs/msg/detail/rc_msg__rosidl_typesupport_fastrtps_cpp.hpp
-- Installing: /home/abhishek/mars_rover/rover_ws/install/rc_msgs/include/rc_msgs/rc_msgs/msg/detail/dds_fastrtps
-- Installing: /home/abhishek/mars_rover/rover_ws/install/rc_msgs/include/rc_msgs/rc_msgs/msg/rosidl_typesupport_fastrtps_cpp__visibility_control.h
-- Installing: /home/abhishek/mars_rover/rover_ws/install/rc_msgs/lib/librc_msgs__rosidl_typesupport_fastrtps_cpp.so
-- Set runtime path of "/home/abhishek/mars_rover/rover_ws/install/rc_msgs/lib/librc_msgs__rosidl_typesupport_fastrtps_cpp.so" to ""
-- Up-to-date: /home/abhishek/mars_rover/rover_ws/install/rc_msgs/include/rc_msgs/rc_msgs
-- Up-to-date: /home/abhishek/mars_rover/rover_ws/install/rc_msgs/include/rc_msgs/rc_msgs/msg
-- Up-to-date: /home/abhishek/mars_rover/rover_ws/install/rc_msgs/include/rc_msgs/rc_msgs/msg/detail
-- Installing: /home/abhishek/mars_rover/rover_ws/install/rc_msgs/include/rc_msgs/rc_msgs/msg/detail/rc_msg__type_support.cpp
-- Installing: /home/abhishek/mars_rover/rover_ws/install/rc_msgs/include/rc_msgs/rc_msgs/msg/detail/rc_msg__rosidl_typesupport_introspection_cpp.hpp
-- Installing: /home/abhishek/mars_rover/rover_ws/install/rc_msgs/lib/librc_msgs__rosidl_typesupport_introspection_cpp.so
-- Set runtime path of "/home/abhishek/mars_rover/rover_ws/install/rc_msgs/lib/librc_msgs__rosidl_typesupport_introspection_cpp.so" to ""
-- Installing: /home/abhishek/mars_rover/rover_ws/install/rc_msgs/lib/librc_msgs__rosidl_typesupport_cpp.so
-- Set runtime path of "/home/abhishek/mars_rover/rover_ws/install/rc_msgs/lib/librc_msgs__rosidl_typesupport_cpp.so" to ""
-- Installing: /home/abhishek/mars_rover/rover_ws/install/rc_msgs/share/rc_msgs/environment/pythonpath.sh
-- Installing: /home/abhishek/mars_rover/rover_ws/install/rc_msgs/share/rc_msgs/environment/pythonpath.dsv
-- Installing: /home/abhishek/mars_rover/rover_ws/install/rc_msgs/local/lib/python3.10/dist-packages/rc_msgs-0.0.0-py3.10.egg-info
-- Installing: /home/abhishek/mars_rover/rover_ws/install/rc_msgs/local/lib/python3.10/dist-packages/rc_msgs-0.0.0-py3.10.egg-info/dependency_links.txt
-- Installing: /home/abhishek/mars_rover/rover_ws/install/rc_msgs/local/lib/python3.10/dist-packages/rc_msgs-0.0.0-py3.10.egg-info/top_level.txt
-- Installing: /home/abhishek/mars_rover/rover_ws/install/rc_msgs/local/lib/python3.10/dist-packages/rc_msgs-0.0.0-py3.10.egg-info/PKG-INFO
-- Installing: /home/abhishek/mars_rover/rover_ws/install/rc_msgs/local/lib/python3.10/dist-packages/rc_msgs-0.0.0-py3.10.egg-info/SOURCES.txt
-- Installing: /home/abhishek/mars_rover/rover_ws/install/rc_msgs/local/lib/python3.10/dist-packages/rc_msgs
-- Installing: /home/abhishek/mars_rover/rover_ws/install/rc_msgs/local/lib/python3.10/dist-packages/rc_msgs/msg
-- Installing: /home/abhishek/mars_rover/rover_ws/install/rc_msgs/local/lib/python3.10/dist-packages/rc_msgs/msg/_rc_msg_s.c
-- Installing: /home/abhishek/mars_rover/rover_ws/install/rc_msgs/local/lib/python3.10/dist-packages/rc_msgs/msg/__init__.py
-- Installing: /home/abhishek/mars_rover/rover_ws/install/rc_msgs/local/lib/python3.10/dist-packages/rc_msgs/msg/_rc_msg.py
-- Installing: /home/abhishek/mars_rover/rover_ws/install/rc_msgs/local/lib/python3.10/dist-packages/rc_msgs/_rc_msgs_s.ep.rosidl_typesupport_c.c
-- Installing: /home/abhishek/mars_rover/rover_ws/install/rc_msgs/local/lib/python3.10/dist-packages/rc_msgs/_rc_msgs_s.ep.rosidl_typesupport_introspection_c.c
-- Installing: /home/abhishek/mars_rover/rover_ws/install/rc_msgs/local/lib/python3.10/dist-packages/rc_msgs/_rc_msgs_s.ep.rosidl_typesupport_fastrtps_c.c
-- Installing: /home/abhishek/mars_rover/rover_ws/install/rc_msgs/local/lib/python3.10/dist-packages/rc_msgs/rc_msgs_s__rosidl_typesupport_microxrcedds_c.cpython-310-x86_64-linux-gnu.so
-- Installing: /home/abhishek/mars_rover/rover_ws/install/rc_msgs/local/lib/python3.10/dist-packages/rc_msgs/__init__.py
-- Installing: /home/abhishek/mars_rover/rover_ws/install/rc_msgs/local/lib/python3.10/dist-packages/rc_msgs/rc_msgs_s__rosidl_typesupport_introspection_c.cpython-310-x86_64-linux-gnu.so
-- Installing: /home/abhishek/mars_rover/rover_ws/install/rc_msgs/local/lib/python3.10/dist-packages/rc_msgs/rc_msgs_s__rosidl_typesupport_fastrtps_c.cpython-310-x86_64-linux-gnu.so
-- Installing: /home/abhishek/mars_rover/rover_ws/install/rc_msgs/local/lib/python3.10/dist-packages/rc_msgs/librc_msgs__rosidl_generator_py.so
-- Installing: /home/abhishek/mars_rover/rover_ws/install/rc_msgs/local/lib/python3.10/dist-packages/rc_msgs/_rc_msgs_s.ep.rosidl_typesupport_microxrcedds_c.c
-- Installing: /home/abhishek/mars_rover/rover_ws/install/rc_msgs/local/lib/python3.10/dist-packages/rc_msgs/rc_msgs_s__rosidl_typesupport_c.cpython-310-x86_64-linux-gnu.so
Listing '/home/abhishek/mars_rover/rover_ws/install/rc_msgs/local/lib/python3.10/dist-packages/rc_msgs'...
Compiling '/home/abhishek/mars_rover/rover_ws/install/rc_msgs/local/lib/python3.10/dist-packages/rc_msgs/__init__.py'...
Listing '/home/abhishek/mars_rover/rover_ws/install/rc_msgs/local/lib/python3.10/dist-packages/rc_msgs/msg'...
Compiling '/home/abhishek/mars_rover/rover_ws/install/rc_msgs/local/lib/python3.10/dist-packages/rc_msgs/msg/__init__.py'...
Compiling '/home/abhishek/mars_rover/rover_ws/install/rc_msgs/local/lib/python3.10/dist-packages/rc_msgs/msg/_rc_msg.py'...
-- Installing: /home/abhishek/mars_rover/rover_ws/install/rc_msgs/local/lib/python3.10/dist-packages/rc_msgs/rc_msgs_s__rosidl_typesupport_microxrcedds_c.cpython-310-x86_64-linux-gnu.so
-- Set runtime path of "/home/abhishek/mars_rover/rover_ws/install/rc_msgs/local/lib/python3.10/dist-packages/rc_msgs/rc_msgs_s__rosidl_typesupport_microxrcedds_c.cpython-310-x86_64-linux-gnu.so" to ""
-- Installing: /home/abhishek/mars_rover/rover_ws/install/rc_msgs/local/lib/python3.10/dist-packages/rc_msgs/rc_msgs_s__rosidl_typesupport_fastrtps_c.cpython-310-x86_64-linux-gnu.so
-- Set runtime path of "/home/abhishek/mars_rover/rover_ws/install/rc_msgs/local/lib/python3.10/dist-packages/rc_msgs/rc_msgs_s__rosidl_typesupport_fastrtps_c.cpython-310-x86_64-linux-gnu.so" to ""
-- Installing: /home/abhishek/mars_rover/rover_ws/install/rc_msgs/local/lib/python3.10/dist-packages/rc_msgs/rc_msgs_s__rosidl_typesupport_introspection_c.cpython-310-x86_64-linux-gnu.so
-- Set runtime path of "/home/abhishek/mars_rover/rover_ws/install/rc_msgs/local/lib/python3.10/dist-packages/rc_msgs/rc_msgs_s__rosidl_typesupport_introspection_c.cpython-310-x86_64-linux-gnu.so" to ""
-- Installing: /home/abhishek/mars_rover/rover_ws/install/rc_msgs/local/lib/python3.10/dist-packages/rc_msgs/rc_msgs_s__rosidl_typesupport_c.cpython-310-x86_64-linux-gnu.so
-- Set runtime path of "/home/abhishek/mars_rover/rover_ws/install/rc_msgs/local/lib/python3.10/dist-packages/rc_msgs/rc_msgs_s__rosidl_typesupport_c.cpython-310-x86_64-linux-gnu.so" to ""
-- Installing: /home/abhishek/mars_rover/rover_ws/install/rc_msgs/lib/librc_msgs__rosidl_generator_py.so
-- Set runtime path of "/home/abhishek/mars_rover/rover_ws/install/rc_msgs/lib/librc_msgs__rosidl_generator_py.so" to ""
-- Installing: /home/abhishek/mars_rover/rover_ws/install/rc_msgs/share/rc_msgs/msg/RcMsg.idl
-- Installing: /home/abhishek/mars_rover/rover_ws/install/rc_msgs/share/rc_msgs/msg/RcMsg.msg
-- Installing: /home/abhishek/mars_rover/rover_ws/install/rc_msgs/share/ament_index/resource_index/package_run_dependencies/rc_msgs
-- Installing: /home/abhishek/mars_rover/rover_ws/install/rc_msgs/share/ament_index/resource_index/parent_prefix_path/rc_msgs
-- Installing: /home/abhishek/mars_rover/rover_ws/install/rc_msgs/share/rc_msgs/environment/ament_prefix_path.sh
-- Installing: /home/abhishek/mars_rover/rover_ws/install/rc_msgs/share/rc_msgs/environment/ament_prefix_path.dsv
-- Installing: /home/abhishek/mars_rover/rover_ws/install/rc_msgs/share/rc_msgs/environment/path.sh
-- Installing: /home/abhishek/mars_rover/rover_ws/install/rc_msgs/share/rc_msgs/environment/path.dsv
-- Installing: /home/abhishek/mars_rover/rover_ws/install/rc_msgs/share/rc_msgs/local_setup.bash
-- Installing: /home/abhishek/mars_rover/rover_ws/install/rc_msgs/share/rc_msgs/local_setup.sh
-- Installing: /home/abhishek/mars_rover/rover_ws/install/rc_msgs/share/rc_msgs/local_setup.zsh
-- Installing: /home/abhishek/mars_rover/rover_ws/install/rc_msgs/share/rc_msgs/local_setup.dsv
-- Installing: /home/abhishek/mars_rover/rover_ws/install/rc_msgs/share/rc_msgs/package.dsv
-- Installing: /home/abhishek/mars_rover/rover_ws/install/rc_msgs/share/ament_index/resource_index/packages/rc_msgs
-- Installing: /home/abhishek/mars_rover/rover_ws/install/rc_msgs/share/rc_msgs/cmake/export_rc_msgs__rosidl_generator_cExport.cmake
-- Installing: /home/abhishek/mars_rover/rover_ws/install/rc_msgs/share/rc_msgs/cmake/export_rc_msgs__rosidl_generator_cExport-noconfig.cmake
-- Installing: /home/abhishek/mars_rover/rover_ws/install/rc_msgs/share/rc_msgs/cmake/export_rc_msgs__rosidl_typesupport_fastrtps_cExport.cmake
-- Installing: /home/abhishek/mars_rover/rover_ws/install/rc_msgs/share/rc_msgs/cmake/export_rc_msgs__rosidl_typesupport_fastrtps_cExport-noconfig.cmake
-- Installing: /home/abhishek/mars_rover/rover_ws/install/rc_msgs/share/rc_msgs/cmake/rc_msgs__rosidl_typesupport_introspection_cExport.cmake
-- Installing: /home/abhishek/mars_rover/rover_ws/install/rc_msgs/share/rc_msgs/cmake/rc_msgs__rosidl_typesupport_introspection_cExport-noconfig.cmake
-- Installing: /home/abhishek/mars_rover/rover_ws/install/rc_msgs/share/rc_msgs/cmake/rc_msgs__rosidl_typesupport_cExport.cmake
-- Installing: /home/abhishek/mars_rover/rover_ws/install/rc_msgs/share/rc_msgs/cmake/rc_msgs__rosidl_typesupport_cExport-noconfig.cmake
-- Installing: /home/abhishek/mars_rover/rover_ws/install/rc_msgs/share/rc_msgs/cmake/export_rc_msgs__rosidl_generator_cppExport.cmake
-- Installing: /home/abhishek/mars_rover/rover_ws/install/rc_msgs/share/rc_msgs/cmake/export_rc_msgs__rosidl_typesupport_fastrtps_cppExport.cmake
-- Installing: /home/abhishek/mars_rover/rover_ws/install/rc_msgs/share/rc_msgs/cmake/export_rc_msgs__rosidl_typesupport_fastrtps_cppExport-noconfig.cmake
-- Installing: /home/abhishek/mars_rover/rover_ws/install/rc_msgs/share/rc_msgs/cmake/rc_msgs__rosidl_typesupport_introspection_cppExport.cmake
-- Installing: /home/abhishek/mars_rover/rover_ws/install/rc_msgs/share/rc_msgs/cmake/rc_msgs__rosidl_typesupport_introspection_cppExport-noconfig.cmake
-- Installing: /home/abhishek/mars_rover/rover_ws/install/rc_msgs/share/rc_msgs/cmake/rc_msgs__rosidl_typesupport_cppExport.cmake
-- Installing: /home/abhishek/mars_rover/rover_ws/install/rc_msgs/share/rc_msgs/cmake/rc_msgs__rosidl_typesupport_cppExport-noconfig.cmake
-- Installing: /home/abhishek/mars_rover/rover_ws/install/rc_msgs/share/rc_msgs/cmake/export_rc_msgs__rosidl_generator_pyExport.cmake
-- Installing: /home/abhishek/mars_rover/rover_ws/install/rc_msgs/share/rc_msgs/cmake/export_rc_msgs__rosidl_generator_pyExport-noconfig.cmake
-- Installing: /home/abhishek/mars_rover/rover_ws/install/rc_msgs/share/rc_msgs/cmake/rosidl_cmake-extras.cmake
-- Installing: /home/abhishek/mars_rover/rover_ws/install/rc_msgs/share/rc_msgs/cmake/ament_cmake_export_include_directories-extras.cmake
-- Installing: /home/abhishek/mars_rover/rover_ws/install/rc_msgs/share/rc_msgs/cmake/ament_cmake_export_libraries-extras.cmake
-- Installing: /home/abhishek/mars_rover/rover_ws/install/rc_msgs/share/rc_msgs/cmake/ament_cmake_export_targets-extras.cmake
-- Installing: /home/abhishek/mars_rover/rover_ws/install/rc_msgs/share/rc_msgs/cmake/rosidl_cmake_export_typesupport_targets-extras.cmake
-- Installing: /home/abhishek/mars_rover/rover_ws/install/rc_msgs/share/rc_msgs/cmake/ament_cmake_export_dependencies-extras.cmake
-- Installing: /home/abhishek/mars_rover/rover_ws/install/rc_msgs/share/rc_msgs/cmake/rosidl_cmake_export_typesupport_libraries-extras.cmake
-- Installing: /home/abhishek/mars_rover/rover_ws/install/rc_msgs/share/rc_msgs/cmake/rc_msgsConfig.cmake
-- Installing: /home/abhishek/mars_rover/rover_ws/install/rc_msgs/share/rc_msgs/cmake/rc_msgsConfig-version.cmake
-- Installing: /home/abhishek/mars_rover/rover_ws/install/rc_msgs/share/rc_msgs/package.xml
