[0.011s] Invoking command in '/home/abhishek/mars_rover/rover_ws/build/rc_msgs': /usr/bin/cmake /home/abhishek/mars_rover/rover_ws/src/rc_msgs -DCATKIN_INSTALL_INTO_PREFIX_ROOT=0 -DCATKIN_SYMLINK_INSTALL=ON -DCMAKE_INSTALL_PREFIX=/home/abhishek/mars_rover/rover_ws/install/rc_msgs
[0.057s] -- The C compiler identification is GNU 11.4.0
[0.103s] -- The CXX compiler identification is GNU 11.4.0
[0.111s] -- Detecting C compiler ABI info
[0.160s] -- Detecting C compiler ABI info - done
[0.166s] -- Check for working C compiler: /usr/bin/cc - skipped
[0.166s] -- Detecting C compile features
[0.167s] -- Detecting C compile features - done
[0.169s] -- Detecting CXX compiler ABI info
[0.226s] -- Detecting CXX compiler ABI info - done
[0.233s] -- Check for working CXX compiler: /usr/bin/c++ - skipped
[0.233s] -- Detecting CXX compile features
[0.233s] -- Detecting CXX compile features - done
[0.238s] -- Found ament_cmake: 1.3.10 (/opt/ros/humble/share/ament_cmake/cmake)
[0.397s] -- Found Python3: /usr/bin/python3 (found version "3.10.12") found components: Interpreter 
[0.520s] -- Found rosidl_default_generators: 1.2.0 (/opt/ros/humble/share/rosidl_default_generators/cmake)
[0.530s] -- Using all available rosidl_typesupport_c: rosidl_typesupport_microxrcedds_c;rosidl_typesupport_fastrtps_c;rosidl_typesupport_introspection_c
[0.542s] -- Found rosidl_adapter: 3.1.5 (/opt/ros/humble/share/rosidl_adapter/cmake)
[0.611s] -- Using all available rosidl_typesupport_cpp: rosidl_typesupport_microxrcedds_cpp;rosidl_typesupport_fastrtps_cpp;rosidl_typesupport_introspection_cpp
[0.839s] -- Found ament_cmake_ros: 0.10.0 (/opt/ros/humble/share/ament_cmake_ros/cmake)
[0.973s] -- Using all available rosidl_typesupport_c: rosidl_typesupport_microxrcedds_c;rosidl_typesupport_fastrtps_c;rosidl_typesupport_introspection_c
[1.118s] -- Using all available rosidl_typesupport_cpp: rosidl_typesupport_microxrcedds_cpp;rosidl_typesupport_fastrtps_cpp;rosidl_typesupport_introspection_cpp
[1.144s] -- Found PythonInterp: /usr/bin/python3 (found suitable version "3.10.12", minimum required is "3.6") 
[1.148s] -- Found python_cmake_module: 0.10.0 (/opt/ros/humble/share/python_cmake_module/cmake)
[1.177s] -- Found PythonLibs: /usr/lib/x86_64-linux-gnu/libpython3.10.so (found suitable version "3.10.12", minimum required is "3.5") 
[1.177s] -- Using PYTHON_EXECUTABLE: /usr/bin/python3
[1.177s] -- Using PYTHON_INCLUDE_DIRS: /usr/include/python3.10
[1.177s] -- Using PYTHON_LIBRARIES: /usr/lib/x86_64-linux-gnu/libpython3.10.so
[1.200s] -- Found PythonExtra: .so  
[1.261s] -- Found ament_lint_auto: 0.12.11 (/opt/ros/humble/share/ament_lint_auto/cmake)
[1.267s] -- Configuring done
[1.293s] -- Generating done
[1.295s] [33mCMake Warning:
[1.295s]   Manually-specified variables were not used by the project:
[1.295s] 
[1.295s]     CATKIN_INSTALL_INTO_PREFIX_ROOT
[1.295s]     CATKIN_SYMLINK_INSTALL
[1.295s] 
[1.295s] [0m
[1.303s] -- Build files have been written to: /home/abhishek/mars_rover/rover_ws/build/rc_msgs
[1.308s] Invoked command in '/home/abhishek/mars_rover/rover_ws/build/rc_msgs' returned '0': /usr/bin/cmake /home/abhishek/mars_rover/rover_ws/src/rc_msgs -DCATKIN_INSTALL_INTO_PREFIX_ROOT=0 -DCATKIN_SYMLINK_INSTALL=ON -DCMAKE_INSTALL_PREFIX=/home/abhishek/mars_rover/rover_ws/install/rc_msgs
[1.310s] Invoking command in '/home/abhishek/mars_rover/rover_ws/build/rc_msgs': /usr/bin/cmake --build /home/abhishek/mars_rover/rover_ws/build/rc_msgs -- -j8 -l8
[1.329s] [  2%] [34m[1mGenerating C code for ROS interfaces[0m
[1.335s] [  5%] [34m[1mGenerating C++ code for ROS interfaces[0m
[1.338s] [  5%] Built target ament_cmake_python_copy_rc_msgs
[1.565s] [  7%] [32mBuilding C object CMakeFiles/rc_msgs__rosidl_generator_c.dir/rosidl_generator_c/rc_msgs/msg/detail/rc_msg__functions.c.o[0m
[1.566s] [  7%] Built target rc_msgs__cpp
[1.573s] [ 12%] [34m[1mGenerating C++ type support dispatch for ROS interfaces[0m
[1.573s] [ 12%] [34m[1mGenerating C++ type support for eProsima Micro XRCE-DDS[0m
[1.573s] [ 15%] [34m[1mGenerating C++ type support for eProsima Fast-RTPS[0m
[1.573s] [ 17%] [34m[1mGenerating C++ introspection for ROS interfaces[0m
[1.602s] [ 20%] [32m[1mLinking C shared library librc_msgs__rosidl_generator_c.so[0m
[1.628s] [ 20%] Built target rc_msgs__rosidl_generator_c
[1.638s] [ 23%] [34m[1mGenerating C type support for eProsima Micro XRCE-DDS[0m
[1.638s] [ 25%] [34m[1mGenerating C type support for eProsima Fast-RTPS[0m
[1.640s] [ 28%] [34m[1mGenerating C introspection for ROS interfaces[0m
[1.691s] running egg_info
[1.692s] creating rc_msgs.egg-info
[1.692s] writing rc_msgs.egg-info/PKG-INFO
[1.693s] writing dependency_links to rc_msgs.egg-info/dependency_links.txt
[1.693s] writing top-level names to rc_msgs.egg-info/top_level.txt
[1.694s] writing manifest file 'rc_msgs.egg-info/SOURCES.txt'
[1.698s] reading manifest file 'rc_msgs.egg-info/SOURCES.txt'
[1.698s] writing manifest file 'rc_msgs.egg-info/SOURCES.txt'
[1.736s] [ 28%] Built target ament_cmake_python_build_rc_msgs_egg
[1.746s] [ 30%] [34m[1mGenerating C type support dispatch for ROS interfaces[0m
[1.923s] [ 33%] [32mBuilding CXX object CMakeFiles/rc_msgs__rosidl_typesupport_cpp.dir/rosidl_typesupport_cpp/rc_msgs/msg/rc_msg__type_support.cpp.o[0m
[1.930s] [ 35%] [32mBuilding CXX object CMakeFiles/rc_msgs__rosidl_typesupport_microxrcedds_cpp.dir/rosidl_typesupport_microxrcedds_cpp/rc_msgs/msg/detail/microxrcedds/rc_msg__type_support_cpp.cpp.o[0m
[1.959s] [ 38%] [32mBuilding CXX object CMakeFiles/rc_msgs__rosidl_typesupport_fastrtps_cpp.dir/rosidl_typesupport_fastrtps_cpp/rc_msgs/msg/detail/dds_fastrtps/rc_msg__type_support.cpp.o[0m
[1.963s] [ 41%] [32mBuilding CXX object CMakeFiles/rc_msgs__rosidl_typesupport_introspection_cpp.dir/rosidl_typesupport_introspection_cpp/rc_msgs/msg/detail/rc_msg__type_support.cpp.o[0m
[2.010s] [ 43%] [32mBuilding C object CMakeFiles/rc_msgs__rosidl_typesupport_introspection_c.dir/rosidl_typesupport_introspection_c/rc_msgs/msg/detail/rc_msg__type_support.c.o[0m
[2.031s] [ 46%] [32mBuilding C object CMakeFiles/rc_msgs__rosidl_typesupport_microxrcedds_c.dir/rosidl_typesupport_microxrcedds_c/rc_msgs/msg/detail/microxrcedds/rc_msg__type_support_c.c.o[0m
[2.058s] [ 48%] [32m[1mLinking C shared library librc_msgs__rosidl_typesupport_introspection_c.so[0m
[2.074s] [ 51%] [32mBuilding CXX object CMakeFiles/rc_msgs__rosidl_typesupport_fastrtps_c.dir/rosidl_typesupport_fastrtps_c/rc_msgs/msg/detail/rc_msg__type_support_c.cpp.o[0m
[2.081s] [ 53%] [32m[1mLinking C shared library librc_msgs__rosidl_typesupport_microxrcedds_c.so[0m
[2.093s] [ 53%] Built target rc_msgs__rosidl_typesupport_introspection_c
[2.108s] [ 56%] [32mBuilding CXX object CMakeFiles/rc_msgs__rosidl_typesupport_c.dir/rosidl_typesupport_c/rc_msgs/msg/rc_msg__type_support.cpp.o[0m
[2.121s] [ 56%] Built target rc_msgs__rosidl_typesupport_microxrcedds_c
[2.143s] [ 58%] [32m[1mLinking CXX shared library librc_msgs__rosidl_typesupport_c.so[0m
[2.190s] [ 58%] Built target rc_msgs__rosidl_typesupport_c
[2.229s] [ 61%] [32m[1mLinking CXX shared library librc_msgs__rosidl_typesupport_cpp.so[0m
[2.258s] [ 61%] Built target rc_msgs__rosidl_typesupport_cpp
[2.290s] [ 64%] [32m[1mLinking CXX shared library librc_msgs__rosidl_typesupport_microxrcedds_cpp.so[0m
[2.323s] [ 64%] Built target rc_msgs__rosidl_typesupport_microxrcedds_cpp
[2.366s] [ 66%] [32m[1mLinking CXX shared library librc_msgs__rosidl_typesupport_fastrtps_cpp.so[0m
[2.378s] [ 69%] [32m[1mLinking CXX shared library librc_msgs__rosidl_typesupport_fastrtps_c.so[0m
[2.397s] [ 71%] [32m[1mLinking CXX shared library librc_msgs__rosidl_typesupport_introspection_cpp.so[0m
[2.433s] [ 71%] Built target rc_msgs__rosidl_typesupport_introspection_cpp
[2.453s] [ 71%] Built target rc_msgs__rosidl_typesupport_fastrtps_cpp
[2.467s] [ 71%] Built target rc_msgs__rosidl_typesupport_fastrtps_c
[2.479s] [ 71%] Built target rc_msgs
[2.490s] [ 74%] [34m[1mGenerating Python code for ROS interfaces[0m
[2.767s] [ 74%] Built target rc_msgs__py
[2.778s] [ 76%] [32mBuilding C object CMakeFiles/rc_msgs__rosidl_generator_py.dir/rosidl_generator_py/rc_msgs/msg/_rc_msg_s.c.o[0m
[2.858s] [ 79%] [32m[1mLinking C shared library rosidl_generator_py/rc_msgs/librc_msgs__rosidl_generator_py.so[0m
[2.883s] [ 79%] Built target rc_msgs__rosidl_generator_py
[2.895s] [ 89%] [32mBuilding C object CMakeFiles/rc_msgs__rosidl_typesupport_c__pyext.dir/rosidl_generator_py/rc_msgs/_rc_msgs_s.ep.rosidl_typesupport_c.c.o[0m
[2.895s] [ 89%] [32mBuilding C object CMakeFiles/rc_msgs__rosidl_typesupport_microxrcedds_c__pyext.dir/rosidl_generator_py/rc_msgs/_rc_msgs_s.ep.rosidl_typesupport_microxrcedds_c.c.o[0m
[2.895s] [ 89%] [32mBuilding C object CMakeFiles/rc_msgs__rosidl_typesupport_introspection_c__pyext.dir/rosidl_generator_py/rc_msgs/_rc_msgs_s.ep.rosidl_typesupport_introspection_c.c.o[0m
[2.895s] [ 89%] [32mBuilding C object CMakeFiles/rc_msgs__rosidl_typesupport_fastrtps_c__pyext.dir/rosidl_generator_py/rc_msgs/_rc_msgs_s.ep.rosidl_typesupport_fastrtps_c.c.o[0m
[2.966s] [ 92%] [32m[1mLinking C shared library rosidl_generator_py/rc_msgs/rc_msgs_s__rosidl_typesupport_introspection_c.cpython-310-x86_64-linux-gnu.so[0m
[2.966s] [ 94%] [32m[1mLinking C shared library rosidl_generator_py/rc_msgs/rc_msgs_s__rosidl_typesupport_c.cpython-310-x86_64-linux-gnu.so[0m
[2.968s] [ 97%] [32m[1mLinking C shared library rosidl_generator_py/rc_msgs/rc_msgs_s__rosidl_typesupport_fastrtps_c.cpython-310-x86_64-linux-gnu.so[0m
[2.970s] [100%] [32m[1mLinking C shared library rosidl_generator_py/rc_msgs/rc_msgs_s__rosidl_typesupport_microxrcedds_c.cpython-310-x86_64-linux-gnu.so[0m
[2.987s] [100%] Built target rc_msgs__rosidl_typesupport_c__pyext
[2.987s] [100%] Built target rc_msgs__rosidl_typesupport_introspection_c__pyext
[2.991s] [100%] Built target rc_msgs__rosidl_typesupport_fastrtps_c__pyext
[2.992s] [100%] Built target rc_msgs__rosidl_typesupport_microxrcedds_c__pyext
[2.998s] Invoked command in '/home/abhishek/mars_rover/rover_ws/build/rc_msgs' returned '0': /usr/bin/cmake --build /home/abhishek/mars_rover/rover_ws/build/rc_msgs -- -j8 -l8
[3.002s] Invoking command in '/home/abhishek/mars_rover/rover_ws/build/rc_msgs': /usr/bin/cmake --install /home/abhishek/mars_rover/rover_ws/build/rc_msgs
[3.006s] -- Install configuration: ""
[3.006s] -- Installing: /home/abhishek/mars_rover/rover_ws/install/rc_msgs/share/ament_index/resource_index/rosidl_interfaces/rc_msgs
[3.006s] -- Installing: /home/abhishek/mars_rover/rover_ws/install/rc_msgs/include/rc_msgs/rc_msgs
[3.006s] -- Installing: /home/abhishek/mars_rover/rover_ws/install/rc_msgs/include/rc_msgs/rc_msgs/msg
[3.006s] -- Installing: /home/abhishek/mars_rover/rover_ws/install/rc_msgs/include/rc_msgs/rc_msgs/msg/rosidl_generator_c__visibility_control.h
[3.006s] -- Installing: /home/abhishek/mars_rover/rover_ws/install/rc_msgs/include/rc_msgs/rc_msgs/msg/rc_msg.h
[3.006s] -- Installing: /home/abhishek/mars_rover/rover_ws/install/rc_msgs/include/rc_msgs/rc_msgs/msg/detail
[3.006s] -- Installing: /home/abhishek/mars_rover/rover_ws/install/rc_msgs/include/rc_msgs/rc_msgs/msg/detail/rc_msg__functions.h
[3.007s] -- Installing: /home/abhishek/mars_rover/rover_ws/install/rc_msgs/include/rc_msgs/rc_msgs/msg/detail/rc_msg__functions.c
[3.007s] -- Installing: /home/abhishek/mars_rover/rover_ws/install/rc_msgs/include/rc_msgs/rc_msgs/msg/detail/rc_msg__type_support.h
[3.007s] -- Installing: /home/abhishek/mars_rover/rover_ws/install/rc_msgs/include/rc_msgs/rc_msgs/msg/detail/rc_msg__struct.h
[3.007s] -- Installing: /home/abhishek/mars_rover/rover_ws/install/rc_msgs/share/rc_msgs/environment/library_path.sh
[3.007s] -- Installing: /home/abhishek/mars_rover/rover_ws/install/rc_msgs/share/rc_msgs/environment/library_path.dsv
[3.007s] -- Installing: /home/abhishek/mars_rover/rover_ws/install/rc_msgs/lib/librc_msgs__rosidl_generator_c.so
[3.007s] -- Set runtime path of "/home/abhishek/mars_rover/rover_ws/install/rc_msgs/lib/librc_msgs__rosidl_generator_c.so" to ""
[3.007s] -- Up-to-date: /home/abhishek/mars_rover/rover_ws/install/rc_msgs/include/rc_msgs
[3.007s] -- Installing: /home/abhishek/mars_rover/rover_ws/install/rc_msgs/include/rc_msgs/msg
[3.007s] -- Installing: /home/abhishek/mars_rover/rover_ws/install/rc_msgs/include/rc_msgs/msg/rosidl_typesupport_microxrcedds_c__visibility_control.h
[3.007s] -- Installing: /home/abhishek/mars_rover/rover_ws/install/rc_msgs/include/rc_msgs/msg/detail
[3.007s] -- Installing: /home/abhishek/mars_rover/rover_ws/install/rc_msgs/include/rc_msgs/msg/detail/microxrcedds
[3.007s] -- Installing: /home/abhishek/mars_rover/rover_ws/install/rc_msgs/include/rc_msgs/msg/detail/rc_msg__rosidl_typesupport_microxrcedds_c.h
[3.008s] -- Installing: /home/abhishek/mars_rover/rover_ws/install/rc_msgs/lib/librc_msgs__rosidl_typesupport_microxrcedds_c.so
[3.008s] -- Set runtime path of "/home/abhishek/mars_rover/rover_ws/install/rc_msgs/lib/librc_msgs__rosidl_typesupport_microxrcedds_c.so" to ""
[3.008s] -- Up-to-date: /home/abhishek/mars_rover/rover_ws/install/rc_msgs/include/rc_msgs/rc_msgs
[3.008s] -- Up-to-date: /home/abhishek/mars_rover/rover_ws/install/rc_msgs/include/rc_msgs/rc_msgs/msg
[3.008s] -- Installing: /home/abhishek/mars_rover/rover_ws/install/rc_msgs/include/rc_msgs/rc_msgs/msg/rosidl_typesupport_fastrtps_c__visibility_control.h
[3.008s] -- Up-to-date: /home/abhishek/mars_rover/rover_ws/install/rc_msgs/include/rc_msgs/rc_msgs/msg/detail
[3.008s] -- Installing: /home/abhishek/mars_rover/rover_ws/install/rc_msgs/include/rc_msgs/rc_msgs/msg/detail/rc_msg__rosidl_typesupport_fastrtps_c.h
[3.008s] -- Installing: /home/abhishek/mars_rover/rover_ws/install/rc_msgs/lib/librc_msgs__rosidl_typesupport_fastrtps_c.so
[3.008s] -- Set runtime path of "/home/abhishek/mars_rover/rover_ws/install/rc_msgs/lib/librc_msgs__rosidl_typesupport_fastrtps_c.so" to ""
[3.008s] -- Up-to-date: /home/abhishek/mars_rover/rover_ws/install/rc_msgs/include/rc_msgs/rc_msgs
[3.008s] -- Up-to-date: /home/abhishek/mars_rover/rover_ws/install/rc_msgs/include/rc_msgs/rc_msgs/msg
[3.008s] -- Up-to-date: /home/abhishek/mars_rover/rover_ws/install/rc_msgs/include/rc_msgs/rc_msgs/msg/detail
[3.008s] -- Installing: /home/abhishek/mars_rover/rover_ws/install/rc_msgs/include/rc_msgs/rc_msgs/msg/detail/rc_msg__rosidl_typesupport_introspection_c.h
[3.008s] -- Installing: /home/abhishek/mars_rover/rover_ws/install/rc_msgs/include/rc_msgs/rc_msgs/msg/detail/rc_msg__type_support.c
[3.009s] -- Installing: /home/abhishek/mars_rover/rover_ws/install/rc_msgs/include/rc_msgs/rc_msgs/msg/rosidl_typesupport_introspection_c__visibility_control.h
[3.009s] -- Installing: /home/abhishek/mars_rover/rover_ws/install/rc_msgs/lib/librc_msgs__rosidl_typesupport_introspection_c.so
[3.009s] -- Set runtime path of "/home/abhishek/mars_rover/rover_ws/install/rc_msgs/lib/librc_msgs__rosidl_typesupport_introspection_c.so" to ""
[3.009s] -- Installing: /home/abhishek/mars_rover/rover_ws/install/rc_msgs/lib/librc_msgs__rosidl_typesupport_c.so
[3.009s] -- Set runtime path of "/home/abhishek/mars_rover/rover_ws/install/rc_msgs/lib/librc_msgs__rosidl_typesupport_c.so" to ""
[3.009s] -- Up-to-date: /home/abhishek/mars_rover/rover_ws/install/rc_msgs/include/rc_msgs/rc_msgs
[3.009s] -- Up-to-date: /home/abhishek/mars_rover/rover_ws/install/rc_msgs/include/rc_msgs/rc_msgs/msg
[3.009s] -- Installing: /home/abhishek/mars_rover/rover_ws/install/rc_msgs/include/rc_msgs/rc_msgs/msg/rc_msg.hpp
[3.009s] -- Up-to-date: /home/abhishek/mars_rover/rover_ws/install/rc_msgs/include/rc_msgs/rc_msgs/msg/detail
[3.009s] -- Installing: /home/abhishek/mars_rover/rover_ws/install/rc_msgs/include/rc_msgs/rc_msgs/msg/detail/rc_msg__struct.hpp
[3.009s] -- Installing: /home/abhishek/mars_rover/rover_ws/install/rc_msgs/include/rc_msgs/rc_msgs/msg/detail/rc_msg__builder.hpp
[3.009s] -- Installing: /home/abhishek/mars_rover/rover_ws/install/rc_msgs/include/rc_msgs/rc_msgs/msg/detail/rc_msg__traits.hpp
[3.009s] -- Up-to-date: /home/abhishek/mars_rover/rover_ws/install/rc_msgs/include/rc_msgs
[3.010s] -- Up-to-date: /home/abhishek/mars_rover/rover_ws/install/rc_msgs/include/rc_msgs/msg
[3.010s] -- Installing: /home/abhishek/mars_rover/rover_ws/install/rc_msgs/include/rc_msgs/msg/rosidl_typesupport_microxrcedds_cpp__visibility_control.h
[3.010s] -- Up-to-date: /home/abhishek/mars_rover/rover_ws/install/rc_msgs/include/rc_msgs/msg/detail
[3.010s] -- Up-to-date: /home/abhishek/mars_rover/rover_ws/install/rc_msgs/include/rc_msgs/msg/detail/microxrcedds
[3.010s] -- Installing: /home/abhishek/mars_rover/rover_ws/install/rc_msgs/include/rc_msgs/msg/detail/microxrcedds/rc_msg__type_support_cpp.cpp
[3.010s] -- Installing: /home/abhishek/mars_rover/rover_ws/install/rc_msgs/include/rc_msgs/msg/detail/rc_msg__rosidl_typesupport_microxrcedds_cpp.hpp
[3.010s] -- Installing: /home/abhishek/mars_rover/rover_ws/install/rc_msgs/lib/librc_msgs__rosidl_typesupport_microxrcedds_cpp.so
[3.010s] -- Set runtime path of "/home/abhishek/mars_rover/rover_ws/install/rc_msgs/lib/librc_msgs__rosidl_typesupport_microxrcedds_cpp.so" to ""
[3.010s] -- Up-to-date: /home/abhishek/mars_rover/rover_ws/install/rc_msgs/include/rc_msgs/rc_msgs
[3.010s] -- Up-to-date: /home/abhishek/mars_rover/rover_ws/install/rc_msgs/include/rc_msgs/rc_msgs/msg
[3.010s] -- Up-to-date: /home/abhishek/mars_rover/rover_ws/install/rc_msgs/include/rc_msgs/rc_msgs/msg/detail
[3.010s] -- Installing: /home/abhishek/mars_rover/rover_ws/install/rc_msgs/include/rc_msgs/rc_msgs/msg/detail/rc_msg__rosidl_typesupport_fastrtps_cpp.hpp
[3.010s] -- Installing: /home/abhishek/mars_rover/rover_ws/install/rc_msgs/include/rc_msgs/rc_msgs/msg/detail/dds_fastrtps
[3.010s] -- Installing: /home/abhishek/mars_rover/rover_ws/install/rc_msgs/include/rc_msgs/rc_msgs/msg/rosidl_typesupport_fastrtps_cpp__visibility_control.h
[3.010s] -- Installing: /home/abhishek/mars_rover/rover_ws/install/rc_msgs/lib/librc_msgs__rosidl_typesupport_fastrtps_cpp.so
[3.010s] -- Set runtime path of "/home/abhishek/mars_rover/rover_ws/install/rc_msgs/lib/librc_msgs__rosidl_typesupport_fastrtps_cpp.so" to ""
[3.011s] -- Up-to-date: /home/abhishek/mars_rover/rover_ws/install/rc_msgs/include/rc_msgs/rc_msgs
[3.011s] -- Up-to-date: /home/abhishek/mars_rover/rover_ws/install/rc_msgs/include/rc_msgs/rc_msgs/msg
[3.011s] -- Up-to-date: /home/abhishek/mars_rover/rover_ws/install/rc_msgs/include/rc_msgs/rc_msgs/msg/detail
[3.011s] -- Installing: /home/abhishek/mars_rover/rover_ws/install/rc_msgs/include/rc_msgs/rc_msgs/msg/detail/rc_msg__type_support.cpp
[3.011s] -- Installing: /home/abhishek/mars_rover/rover_ws/install/rc_msgs/include/rc_msgs/rc_msgs/msg/detail/rc_msg__rosidl_typesupport_introspection_cpp.hpp
[3.011s] -- Installing: /home/abhishek/mars_rover/rover_ws/install/rc_msgs/lib/librc_msgs__rosidl_typesupport_introspection_cpp.so
[3.011s] -- Set runtime path of "/home/abhishek/mars_rover/rover_ws/install/rc_msgs/lib/librc_msgs__rosidl_typesupport_introspection_cpp.so" to ""
[3.011s] -- Installing: /home/abhishek/mars_rover/rover_ws/install/rc_msgs/lib/librc_msgs__rosidl_typesupport_cpp.so
[3.011s] -- Set runtime path of "/home/abhishek/mars_rover/rover_ws/install/rc_msgs/lib/librc_msgs__rosidl_typesupport_cpp.so" to ""
[3.011s] -- Installing: /home/abhishek/mars_rover/rover_ws/install/rc_msgs/share/rc_msgs/environment/pythonpath.sh
[3.012s] -- Installing: /home/abhishek/mars_rover/rover_ws/install/rc_msgs/share/rc_msgs/environment/pythonpath.dsv
[3.012s] -- Installing: /home/abhishek/mars_rover/rover_ws/install/rc_msgs/local/lib/python3.10/dist-packages/rc_msgs-0.0.0-py3.10.egg-info
[3.012s] -- Installing: /home/abhishek/mars_rover/rover_ws/install/rc_msgs/local/lib/python3.10/dist-packages/rc_msgs-0.0.0-py3.10.egg-info/dependency_links.txt
[3.012s] -- Installing: /home/abhishek/mars_rover/rover_ws/install/rc_msgs/local/lib/python3.10/dist-packages/rc_msgs-0.0.0-py3.10.egg-info/top_level.txt
[3.012s] -- Installing: /home/abhishek/mars_rover/rover_ws/install/rc_msgs/local/lib/python3.10/dist-packages/rc_msgs-0.0.0-py3.10.egg-info/PKG-INFO
[3.012s] -- Installing: /home/abhishek/mars_rover/rover_ws/install/rc_msgs/local/lib/python3.10/dist-packages/rc_msgs-0.0.0-py3.10.egg-info/SOURCES.txt
[3.012s] -- Installing: /home/abhishek/mars_rover/rover_ws/install/rc_msgs/local/lib/python3.10/dist-packages/rc_msgs
[3.012s] -- Installing: /home/abhishek/mars_rover/rover_ws/install/rc_msgs/local/lib/python3.10/dist-packages/rc_msgs/msg
[3.012s] -- Installing: /home/abhishek/mars_rover/rover_ws/install/rc_msgs/local/lib/python3.10/dist-packages/rc_msgs/msg/_rc_msg_s.c
[3.012s] -- Installing: /home/abhishek/mars_rover/rover_ws/install/rc_msgs/local/lib/python3.10/dist-packages/rc_msgs/msg/__init__.py
[3.012s] -- Installing: /home/abhishek/mars_rover/rover_ws/install/rc_msgs/local/lib/python3.10/dist-packages/rc_msgs/msg/_rc_msg.py
[3.012s] -- Installing: /home/abhishek/mars_rover/rover_ws/install/rc_msgs/local/lib/python3.10/dist-packages/rc_msgs/_rc_msgs_s.ep.rosidl_typesupport_c.c
[3.013s] -- Installing: /home/abhishek/mars_rover/rover_ws/install/rc_msgs/local/lib/python3.10/dist-packages/rc_msgs/_rc_msgs_s.ep.rosidl_typesupport_introspection_c.c
[3.013s] -- Installing: /home/abhishek/mars_rover/rover_ws/install/rc_msgs/local/lib/python3.10/dist-packages/rc_msgs/_rc_msgs_s.ep.rosidl_typesupport_fastrtps_c.c
[3.013s] -- Installing: /home/abhishek/mars_rover/rover_ws/install/rc_msgs/local/lib/python3.10/dist-packages/rc_msgs/rc_msgs_s__rosidl_typesupport_microxrcedds_c.cpython-310-x86_64-linux-gnu.so
[3.013s] -- Installing: /home/abhishek/mars_rover/rover_ws/install/rc_msgs/local/lib/python3.10/dist-packages/rc_msgs/__init__.py
[3.013s] -- Installing: /home/abhishek/mars_rover/rover_ws/install/rc_msgs/local/lib/python3.10/dist-packages/rc_msgs/rc_msgs_s__rosidl_typesupport_introspection_c.cpython-310-x86_64-linux-gnu.so
[3.013s] -- Installing: /home/abhishek/mars_rover/rover_ws/install/rc_msgs/local/lib/python3.10/dist-packages/rc_msgs/rc_msgs_s__rosidl_typesupport_fastrtps_c.cpython-310-x86_64-linux-gnu.so
[3.013s] -- Installing: /home/abhishek/mars_rover/rover_ws/install/rc_msgs/local/lib/python3.10/dist-packages/rc_msgs/librc_msgs__rosidl_generator_py.so
[3.013s] -- Installing: /home/abhishek/mars_rover/rover_ws/install/rc_msgs/local/lib/python3.10/dist-packages/rc_msgs/_rc_msgs_s.ep.rosidl_typesupport_microxrcedds_c.c
[3.013s] -- Installing: /home/abhishek/mars_rover/rover_ws/install/rc_msgs/local/lib/python3.10/dist-packages/rc_msgs/rc_msgs_s__rosidl_typesupport_c.cpython-310-x86_64-linux-gnu.so
[3.056s] Listing '/home/abhishek/mars_rover/rover_ws/install/rc_msgs/local/lib/python3.10/dist-packages/rc_msgs'...
[3.057s] Compiling '/home/abhishek/mars_rover/rover_ws/install/rc_msgs/local/lib/python3.10/dist-packages/rc_msgs/__init__.py'...
[3.057s] Listing '/home/abhishek/mars_rover/rover_ws/install/rc_msgs/local/lib/python3.10/dist-packages/rc_msgs/msg'...
[3.057s] Compiling '/home/abhishek/mars_rover/rover_ws/install/rc_msgs/local/lib/python3.10/dist-packages/rc_msgs/msg/__init__.py'...
[3.057s] Compiling '/home/abhishek/mars_rover/rover_ws/install/rc_msgs/local/lib/python3.10/dist-packages/rc_msgs/msg/_rc_msg.py'...
[3.060s] -- Installing: /home/abhishek/mars_rover/rover_ws/install/rc_msgs/local/lib/python3.10/dist-packages/rc_msgs/rc_msgs_s__rosidl_typesupport_microxrcedds_c.cpython-310-x86_64-linux-gnu.so
[3.060s] -- Set runtime path of "/home/abhishek/mars_rover/rover_ws/install/rc_msgs/local/lib/python3.10/dist-packages/rc_msgs/rc_msgs_s__rosidl_typesupport_microxrcedds_c.cpython-310-x86_64-linux-gnu.so" to ""
[3.060s] -- Installing: /home/abhishek/mars_rover/rover_ws/install/rc_msgs/local/lib/python3.10/dist-packages/rc_msgs/rc_msgs_s__rosidl_typesupport_fastrtps_c.cpython-310-x86_64-linux-gnu.so
[3.061s] -- Set runtime path of "/home/abhishek/mars_rover/rover_ws/install/rc_msgs/local/lib/python3.10/dist-packages/rc_msgs/rc_msgs_s__rosidl_typesupport_fastrtps_c.cpython-310-x86_64-linux-gnu.so" to ""
[3.061s] -- Installing: /home/abhishek/mars_rover/rover_ws/install/rc_msgs/local/lib/python3.10/dist-packages/rc_msgs/rc_msgs_s__rosidl_typesupport_introspection_c.cpython-310-x86_64-linux-gnu.so
[3.061s] -- Set runtime path of "/home/abhishek/mars_rover/rover_ws/install/rc_msgs/local/lib/python3.10/dist-packages/rc_msgs/rc_msgs_s__rosidl_typesupport_introspection_c.cpython-310-x86_64-linux-gnu.so" to ""
[3.061s] -- Installing: /home/abhishek/mars_rover/rover_ws/install/rc_msgs/local/lib/python3.10/dist-packages/rc_msgs/rc_msgs_s__rosidl_typesupport_c.cpython-310-x86_64-linux-gnu.so
[3.061s] -- Set runtime path of "/home/abhishek/mars_rover/rover_ws/install/rc_msgs/local/lib/python3.10/dist-packages/rc_msgs/rc_msgs_s__rosidl_typesupport_c.cpython-310-x86_64-linux-gnu.so" to ""
[3.061s] -- Installing: /home/abhishek/mars_rover/rover_ws/install/rc_msgs/lib/librc_msgs__rosidl_generator_py.so
[3.062s] -- Set runtime path of "/home/abhishek/mars_rover/rover_ws/install/rc_msgs/lib/librc_msgs__rosidl_generator_py.so" to ""
[3.062s] -- Installing: /home/abhishek/mars_rover/rover_ws/install/rc_msgs/share/rc_msgs/msg/RcMsg.idl
[3.062s] -- Installing: /home/abhishek/mars_rover/rover_ws/install/rc_msgs/share/rc_msgs/msg/RcMsg.msg
[3.062s] -- Installing: /home/abhishek/mars_rover/rover_ws/install/rc_msgs/share/ament_index/resource_index/package_run_dependencies/rc_msgs
[3.062s] -- Installing: /home/abhishek/mars_rover/rover_ws/install/rc_msgs/share/ament_index/resource_index/parent_prefix_path/rc_msgs
[3.062s] -- Installing: /home/abhishek/mars_rover/rover_ws/install/rc_msgs/share/rc_msgs/environment/ament_prefix_path.sh
[3.062s] -- Installing: /home/abhishek/mars_rover/rover_ws/install/rc_msgs/share/rc_msgs/environment/ament_prefix_path.dsv
[3.062s] -- Installing: /home/abhishek/mars_rover/rover_ws/install/rc_msgs/share/rc_msgs/environment/path.sh
[3.063s] -- Installing: /home/abhishek/mars_rover/rover_ws/install/rc_msgs/share/rc_msgs/environment/path.dsv
[3.063s] -- Installing: /home/abhishek/mars_rover/rover_ws/install/rc_msgs/share/rc_msgs/local_setup.bash
[3.063s] -- Installing: /home/abhishek/mars_rover/rover_ws/install/rc_msgs/share/rc_msgs/local_setup.sh
[3.063s] -- Installing: /home/abhishek/mars_rover/rover_ws/install/rc_msgs/share/rc_msgs/local_setup.zsh
[3.063s] -- Installing: /home/abhishek/mars_rover/rover_ws/install/rc_msgs/share/rc_msgs/local_setup.dsv
[3.063s] -- Installing: /home/abhishek/mars_rover/rover_ws/install/rc_msgs/share/rc_msgs/package.dsv
[3.063s] -- Installing: /home/abhishek/mars_rover/rover_ws/install/rc_msgs/share/ament_index/resource_index/packages/rc_msgs
[3.063s] -- Installing: /home/abhishek/mars_rover/rover_ws/install/rc_msgs/share/rc_msgs/cmake/export_rc_msgs__rosidl_generator_cExport.cmake
[3.063s] -- Installing: /home/abhishek/mars_rover/rover_ws/install/rc_msgs/share/rc_msgs/cmake/export_rc_msgs__rosidl_generator_cExport-noconfig.cmake
[3.063s] -- Installing: /home/abhishek/mars_rover/rover_ws/install/rc_msgs/share/rc_msgs/cmake/export_rc_msgs__rosidl_typesupport_fastrtps_cExport.cmake
[3.063s] -- Installing: /home/abhishek/mars_rover/rover_ws/install/rc_msgs/share/rc_msgs/cmake/export_rc_msgs__rosidl_typesupport_fastrtps_cExport-noconfig.cmake
[3.064s] -- Installing: /home/abhishek/mars_rover/rover_ws/install/rc_msgs/share/rc_msgs/cmake/rc_msgs__rosidl_typesupport_introspection_cExport.cmake
[3.064s] -- Installing: /home/abhishek/mars_rover/rover_ws/install/rc_msgs/share/rc_msgs/cmake/rc_msgs__rosidl_typesupport_introspection_cExport-noconfig.cmake
[3.064s] -- Installing: /home/abhishek/mars_rover/rover_ws/install/rc_msgs/share/rc_msgs/cmake/rc_msgs__rosidl_typesupport_cExport.cmake
[3.064s] -- Installing: /home/abhishek/mars_rover/rover_ws/install/rc_msgs/share/rc_msgs/cmake/rc_msgs__rosidl_typesupport_cExport-noconfig.cmake
[3.064s] -- Installing: /home/abhishek/mars_rover/rover_ws/install/rc_msgs/share/rc_msgs/cmake/export_rc_msgs__rosidl_generator_cppExport.cmake
[3.064s] -- Installing: /home/abhishek/mars_rover/rover_ws/install/rc_msgs/share/rc_msgs/cmake/export_rc_msgs__rosidl_typesupport_fastrtps_cppExport.cmake
[3.064s] -- Installing: /home/abhishek/mars_rover/rover_ws/install/rc_msgs/share/rc_msgs/cmake/export_rc_msgs__rosidl_typesupport_fastrtps_cppExport-noconfig.cmake
[3.064s] -- Installing: /home/abhishek/mars_rover/rover_ws/install/rc_msgs/share/rc_msgs/cmake/rc_msgs__rosidl_typesupport_introspection_cppExport.cmake
[3.064s] -- Installing: /home/abhishek/mars_rover/rover_ws/install/rc_msgs/share/rc_msgs/cmake/rc_msgs__rosidl_typesupport_introspection_cppExport-noconfig.cmake
[3.064s] -- Installing: /home/abhishek/mars_rover/rover_ws/install/rc_msgs/share/rc_msgs/cmake/rc_msgs__rosidl_typesupport_cppExport.cmake
[3.064s] -- Installing: /home/abhishek/mars_rover/rover_ws/install/rc_msgs/share/rc_msgs/cmake/rc_msgs__rosidl_typesupport_cppExport-noconfig.cmake
[3.065s] -- Installing: /home/abhishek/mars_rover/rover_ws/install/rc_msgs/share/rc_msgs/cmake/export_rc_msgs__rosidl_generator_pyExport.cmake
[3.065s] -- Installing: /home/abhishek/mars_rover/rover_ws/install/rc_msgs/share/rc_msgs/cmake/export_rc_msgs__rosidl_generator_pyExport-noconfig.cmake
[3.065s] -- Installing: /home/abhishek/mars_rover/rover_ws/install/rc_msgs/share/rc_msgs/cmake/rosidl_cmake-extras.cmake
[3.065s] -- Installing: /home/abhishek/mars_rover/rover_ws/install/rc_msgs/share/rc_msgs/cmake/ament_cmake_export_include_directories-extras.cmake
[3.065s] -- Installing: /home/abhishek/mars_rover/rover_ws/install/rc_msgs/share/rc_msgs/cmake/ament_cmake_export_libraries-extras.cmake
[3.065s] -- Installing: /home/abhishek/mars_rover/rover_ws/install/rc_msgs/share/rc_msgs/cmake/ament_cmake_export_targets-extras.cmake
[3.065s] -- Installing: /home/abhishek/mars_rover/rover_ws/install/rc_msgs/share/rc_msgs/cmake/rosidl_cmake_export_typesupport_targets-extras.cmake
[3.065s] -- Installing: /home/abhishek/mars_rover/rover_ws/install/rc_msgs/share/rc_msgs/cmake/ament_cmake_export_dependencies-extras.cmake
[3.065s] -- Installing: /home/abhishek/mars_rover/rover_ws/install/rc_msgs/share/rc_msgs/cmake/rosidl_cmake_export_typesupport_libraries-extras.cmake
[3.065s] -- Installing: /home/abhishek/mars_rover/rover_ws/install/rc_msgs/share/rc_msgs/cmake/rc_msgsConfig.cmake
[3.065s] -- Installing: /home/abhishek/mars_rover/rover_ws/install/rc_msgs/share/rc_msgs/cmake/rc_msgsConfig-version.cmake
[3.065s] -- Installing: /home/abhishek/mars_rover/rover_ws/install/rc_msgs/share/rc_msgs/package.xml
[3.067s] Invoked command in '/home/abhishek/mars_rover/rover_ws/build/rc_msgs' returned '0': /usr/bin/cmake --install /home/abhishek/mars_rover/rover_ws/build/rc_msgs
