[0.012s] Invoking command in '/home/abhishek/mars_rover/rover_ws/build/rc_msgs': /usr/bin/cmake --build /home/abhishek/mars_rover/rover_ws/build/rc_msgs -- -j8 -l8
[0.040s] [  2%] Built target rc_msgs__cpp
[0.044s] [ 10%] Built target rc_msgs__rosidl_generator_c
[0.047s] [ 10%] Built target ament_cmake_python_copy_rc_msgs
[0.062s] [ 17%] Built target rc_msgs__rosidl_typesupport_microxrcedds_cpp
[0.062s] [ 33%] Built target rc_msgs__rosidl_typesupport_introspection_cpp
[0.062s] [ 33%] Built target rc_msgs__rosidl_typesupport_fastrtps_cpp
[0.063s] [ 41%] Built target rc_msgs__rosidl_typesupport_cpp
[0.063s] [ 48%] Built target rc_msgs__rosidl_typesupport_fastrtps_c
[0.063s] [ 56%] Built target rc_msgs__rosidl_typesupport_introspection_c
[0.063s] [ 64%] Built target rc_msgs__rosidl_typesupport_microxrcedds_c
[0.066s] [ 71%] Built target rc_msgs__rosidl_typesupport_c
[0.077s] [ 71%] Built target rc_msgs
[0.089s] [ 74%] Built target rc_msgs__py
[0.103s] [ 79%] Built target rc_msgs__rosidl_generator_py
[0.118s] [ 84%] Built target rc_msgs__rosidl_typesupport_c__pyext
[0.119s] [ 89%] Built target rc_msgs__rosidl_typesupport_microxrcedds_c__pyext
[0.120s] [ 94%] Built target rc_msgs__rosidl_typesupport_fastrtps_c__pyext
[0.123s] [100%] Built target rc_msgs__rosidl_typesupport_introspection_c__pyext
[0.356s] running egg_info
[0.357s] writing rc_msgs.egg-info/PKG-INFO
[0.357s] writing dependency_links to rc_msgs.egg-info/dependency_links.txt
[0.357s] writing top-level names to rc_msgs.egg-info/top_level.txt
[0.359s] reading manifest file 'rc_msgs.egg-info/SOURCES.txt'
[0.360s] writing manifest file 'rc_msgs.egg-info/SOURCES.txt'
[0.379s] [100%] Built target ament_cmake_python_build_rc_msgs_egg
[0.384s] Invoked command in '/home/abhishek/mars_rover/rover_ws/build/rc_msgs' returned '0': /usr/bin/cmake --build /home/abhishek/mars_rover/rover_ws/build/rc_msgs -- -j8 -l8
[0.389s] Invoking command in '/home/abhishek/mars_rover/rover_ws/build/rc_msgs': /usr/bin/cmake --install /home/abhishek/mars_rover/rover_ws/build/rc_msgs
[0.392s] -- Install configuration: ""
[0.392s] -- Up-to-date: /home/abhishek/mars_rover/rover_ws/install/rc_msgs/share/ament_index/resource_index/rosidl_interfaces/rc_msgs
[0.392s] -- Up-to-date: /home/abhishek/mars_rover/rover_ws/install/rc_msgs/include/rc_msgs/rc_msgs
[0.392s] -- Up-to-date: /home/abhishek/mars_rover/rover_ws/install/rc_msgs/include/rc_msgs/rc_msgs/msg
[0.392s] -- Up-to-date: /home/abhishek/mars_rover/rover_ws/install/rc_msgs/include/rc_msgs/rc_msgs/msg/rosidl_generator_c__visibility_control.h
[0.392s] -- Up-to-date: /home/abhishek/mars_rover/rover_ws/install/rc_msgs/include/rc_msgs/rc_msgs/msg/rc_msg.h
[0.392s] -- Up-to-date: /home/abhishek/mars_rover/rover_ws/install/rc_msgs/include/rc_msgs/rc_msgs/msg/detail
[0.392s] -- Up-to-date: /home/abhishek/mars_rover/rover_ws/install/rc_msgs/include/rc_msgs/rc_msgs/msg/detail/rc_msg__functions.h
[0.392s] -- Up-to-date: /home/abhishek/mars_rover/rover_ws/install/rc_msgs/include/rc_msgs/rc_msgs/msg/detail/rc_msg__functions.c
[0.392s] -- Up-to-date: /home/abhishek/mars_rover/rover_ws/install/rc_msgs/include/rc_msgs/rc_msgs/msg/detail/rc_msg__type_support.h
[0.392s] -- Up-to-date: /home/abhishek/mars_rover/rover_ws/install/rc_msgs/include/rc_msgs/rc_msgs/msg/detail/rc_msg__struct.h
[0.392s] -- Up-to-date: /home/abhishek/mars_rover/rover_ws/install/rc_msgs/share/rc_msgs/environment/library_path.sh
[0.392s] -- Up-to-date: /home/abhishek/mars_rover/rover_ws/install/rc_msgs/share/rc_msgs/environment/library_path.dsv
[0.392s] -- Up-to-date: /home/abhishek/mars_rover/rover_ws/install/rc_msgs/lib/librc_msgs__rosidl_generator_c.so
[0.392s] -- Up-to-date: /home/abhishek/mars_rover/rover_ws/install/rc_msgs/include/rc_msgs
[0.393s] -- Up-to-date: /home/abhishek/mars_rover/rover_ws/install/rc_msgs/include/rc_msgs/msg
[0.393s] -- Up-to-date: /home/abhishek/mars_rover/rover_ws/install/rc_msgs/include/rc_msgs/msg/rosidl_typesupport_microxrcedds_c__visibility_control.h
[0.393s] -- Up-to-date: /home/abhishek/mars_rover/rover_ws/install/rc_msgs/include/rc_msgs/msg/detail
[0.393s] -- Up-to-date: /home/abhishek/mars_rover/rover_ws/install/rc_msgs/include/rc_msgs/msg/detail/microxrcedds
[0.393s] -- Up-to-date: /home/abhishek/mars_rover/rover_ws/install/rc_msgs/include/rc_msgs/msg/detail/rc_msg__rosidl_typesupport_microxrcedds_c.h
[0.393s] -- Up-to-date: /home/abhishek/mars_rover/rover_ws/install/rc_msgs/lib/librc_msgs__rosidl_typesupport_microxrcedds_c.so
[0.393s] -- Up-to-date: /home/abhishek/mars_rover/rover_ws/install/rc_msgs/include/rc_msgs/rc_msgs
[0.393s] -- Up-to-date: /home/abhishek/mars_rover/rover_ws/install/rc_msgs/include/rc_msgs/rc_msgs/msg
[0.393s] -- Up-to-date: /home/abhishek/mars_rover/rover_ws/install/rc_msgs/include/rc_msgs/rc_msgs/msg/rosidl_typesupport_fastrtps_c__visibility_control.h
[0.393s] -- Up-to-date: /home/abhishek/mars_rover/rover_ws/install/rc_msgs/include/rc_msgs/rc_msgs/msg/detail
[0.393s] -- Up-to-date: /home/abhishek/mars_rover/rover_ws/install/rc_msgs/include/rc_msgs/rc_msgs/msg/detail/rc_msg__rosidl_typesupport_fastrtps_c.h
[0.393s] -- Up-to-date: /home/abhishek/mars_rover/rover_ws/install/rc_msgs/lib/librc_msgs__rosidl_typesupport_fastrtps_c.so
[0.393s] -- Up-to-date: /home/abhishek/mars_rover/rover_ws/install/rc_msgs/include/rc_msgs/rc_msgs
[0.393s] -- Up-to-date: /home/abhishek/mars_rover/rover_ws/install/rc_msgs/include/rc_msgs/rc_msgs/msg
[0.393s] -- Up-to-date: /home/abhishek/mars_rover/rover_ws/install/rc_msgs/include/rc_msgs/rc_msgs/msg/detail
[0.393s] -- Up-to-date: /home/abhishek/mars_rover/rover_ws/install/rc_msgs/include/rc_msgs/rc_msgs/msg/detail/rc_msg__rosidl_typesupport_introspection_c.h
[0.393s] -- Up-to-date: /home/abhishek/mars_rover/rover_ws/install/rc_msgs/include/rc_msgs/rc_msgs/msg/detail/rc_msg__type_support.c
[0.393s] -- Up-to-date: /home/abhishek/mars_rover/rover_ws/install/rc_msgs/include/rc_msgs/rc_msgs/msg/rosidl_typesupport_introspection_c__visibility_control.h
[0.394s] -- Up-to-date: /home/abhishek/mars_rover/rover_ws/install/rc_msgs/lib/librc_msgs__rosidl_typesupport_introspection_c.so
[0.394s] -- Up-to-date: /home/abhishek/mars_rover/rover_ws/install/rc_msgs/lib/librc_msgs__rosidl_typesupport_c.so
[0.394s] -- Up-to-date: /home/abhishek/mars_rover/rover_ws/install/rc_msgs/include/rc_msgs/rc_msgs
[0.394s] -- Up-to-date: /home/abhishek/mars_rover/rover_ws/install/rc_msgs/include/rc_msgs/rc_msgs/msg
[0.394s] -- Up-to-date: /home/abhishek/mars_rover/rover_ws/install/rc_msgs/include/rc_msgs/rc_msgs/msg/rc_msg.hpp
[0.394s] -- Up-to-date: /home/abhishek/mars_rover/rover_ws/install/rc_msgs/include/rc_msgs/rc_msgs/msg/detail
[0.394s] -- Up-to-date: /home/abhishek/mars_rover/rover_ws/install/rc_msgs/include/rc_msgs/rc_msgs/msg/detail/rc_msg__struct.hpp
[0.394s] -- Up-to-date: /home/abhishek/mars_rover/rover_ws/install/rc_msgs/include/rc_msgs/rc_msgs/msg/detail/rc_msg__builder.hpp
[0.394s] -- Up-to-date: /home/abhishek/mars_rover/rover_ws/install/rc_msgs/include/rc_msgs/rc_msgs/msg/detail/rc_msg__traits.hpp
[0.394s] -- Up-to-date: /home/abhishek/mars_rover/rover_ws/install/rc_msgs/include/rc_msgs
[0.394s] -- Up-to-date: /home/abhishek/mars_rover/rover_ws/install/rc_msgs/include/rc_msgs/msg
[0.394s] -- Up-to-date: /home/abhishek/mars_rover/rover_ws/install/rc_msgs/include/rc_msgs/msg/rosidl_typesupport_microxrcedds_cpp__visibility_control.h
[0.394s] -- Up-to-date: /home/abhishek/mars_rover/rover_ws/install/rc_msgs/include/rc_msgs/msg/detail
[0.394s] -- Up-to-date: /home/abhishek/mars_rover/rover_ws/install/rc_msgs/include/rc_msgs/msg/detail/microxrcedds
[0.394s] -- Up-to-date: /home/abhishek/mars_rover/rover_ws/install/rc_msgs/include/rc_msgs/msg/detail/microxrcedds/rc_msg__type_support_cpp.cpp
[0.394s] -- Up-to-date: /home/abhishek/mars_rover/rover_ws/install/rc_msgs/include/rc_msgs/msg/detail/rc_msg__rosidl_typesupport_microxrcedds_cpp.hpp
[0.394s] -- Up-to-date: /home/abhishek/mars_rover/rover_ws/install/rc_msgs/lib/librc_msgs__rosidl_typesupport_microxrcedds_cpp.so
[0.394s] -- Up-to-date: /home/abhishek/mars_rover/rover_ws/install/rc_msgs/include/rc_msgs/rc_msgs
[0.395s] -- Up-to-date: /home/abhishek/mars_rover/rover_ws/install/rc_msgs/include/rc_msgs/rc_msgs/msg
[0.395s] -- Up-to-date: /home/abhishek/mars_rover/rover_ws/install/rc_msgs/include/rc_msgs/rc_msgs/msg/detail
[0.395s] -- Up-to-date: /home/abhishek/mars_rover/rover_ws/install/rc_msgs/include/rc_msgs/rc_msgs/msg/detail/rc_msg__rosidl_typesupport_fastrtps_cpp.hpp
[0.395s] -- Up-to-date: /home/abhishek/mars_rover/rover_ws/install/rc_msgs/include/rc_msgs/rc_msgs/msg/detail/dds_fastrtps
[0.395s] -- Up-to-date: /home/abhishek/mars_rover/rover_ws/install/rc_msgs/include/rc_msgs/rc_msgs/msg/rosidl_typesupport_fastrtps_cpp__visibility_control.h
[0.395s] -- Up-to-date: /home/abhishek/mars_rover/rover_ws/install/rc_msgs/lib/librc_msgs__rosidl_typesupport_fastrtps_cpp.so
[0.395s] -- Up-to-date: /home/abhishek/mars_rover/rover_ws/install/rc_msgs/include/rc_msgs/rc_msgs
[0.395s] -- Up-to-date: /home/abhishek/mars_rover/rover_ws/install/rc_msgs/include/rc_msgs/rc_msgs/msg
[0.395s] -- Up-to-date: /home/abhishek/mars_rover/rover_ws/install/rc_msgs/include/rc_msgs/rc_msgs/msg/detail
[0.395s] -- Up-to-date: /home/abhishek/mars_rover/rover_ws/install/rc_msgs/include/rc_msgs/rc_msgs/msg/detail/rc_msg__type_support.cpp
[0.395s] -- Up-to-date: /home/abhishek/mars_rover/rover_ws/install/rc_msgs/include/rc_msgs/rc_msgs/msg/detail/rc_msg__rosidl_typesupport_introspection_cpp.hpp
[0.395s] -- Up-to-date: /home/abhishek/mars_rover/rover_ws/install/rc_msgs/lib/librc_msgs__rosidl_typesupport_introspection_cpp.so
[0.395s] -- Up-to-date: /home/abhishek/mars_rover/rover_ws/install/rc_msgs/lib/librc_msgs__rosidl_typesupport_cpp.so
[0.395s] -- Up-to-date: /home/abhishek/mars_rover/rover_ws/install/rc_msgs/share/rc_msgs/environment/pythonpath.sh
[0.395s] -- Up-to-date: /home/abhishek/mars_rover/rover_ws/install/rc_msgs/share/rc_msgs/environment/pythonpath.dsv
[0.395s] -- Up-to-date: /home/abhishek/mars_rover/rover_ws/install/rc_msgs/local/lib/python3.10/dist-packages/rc_msgs-0.0.0-py3.10.egg-info
[0.395s] -- Installing: /home/abhishek/mars_rover/rover_ws/install/rc_msgs/local/lib/python3.10/dist-packages/rc_msgs-0.0.0-py3.10.egg-info/dependency_links.txt
[0.395s] -- Installing: /home/abhishek/mars_rover/rover_ws/install/rc_msgs/local/lib/python3.10/dist-packages/rc_msgs-0.0.0-py3.10.egg-info/top_level.txt
[0.395s] -- Installing: /home/abhishek/mars_rover/rover_ws/install/rc_msgs/local/lib/python3.10/dist-packages/rc_msgs-0.0.0-py3.10.egg-info/PKG-INFO
[0.396s] -- Installing: /home/abhishek/mars_rover/rover_ws/install/rc_msgs/local/lib/python3.10/dist-packages/rc_msgs-0.0.0-py3.10.egg-info/SOURCES.txt
[0.396s] -- Up-to-date: /home/abhishek/mars_rover/rover_ws/install/rc_msgs/local/lib/python3.10/dist-packages/rc_msgs
[0.396s] -- Up-to-date: /home/abhishek/mars_rover/rover_ws/install/rc_msgs/local/lib/python3.10/dist-packages/rc_msgs/msg
[0.396s] -- Up-to-date: /home/abhishek/mars_rover/rover_ws/install/rc_msgs/local/lib/python3.10/dist-packages/rc_msgs/msg/_rc_msg_s.c
[0.396s] -- Up-to-date: /home/abhishek/mars_rover/rover_ws/install/rc_msgs/local/lib/python3.10/dist-packages/rc_msgs/msg/__init__.py
[0.396s] -- Up-to-date: /home/abhishek/mars_rover/rover_ws/install/rc_msgs/local/lib/python3.10/dist-packages/rc_msgs/msg/_rc_msg.py
[0.396s] -- Up-to-date: /home/abhishek/mars_rover/rover_ws/install/rc_msgs/local/lib/python3.10/dist-packages/rc_msgs/_rc_msgs_s.ep.rosidl_typesupport_c.c
[0.396s] -- Up-to-date: /home/abhishek/mars_rover/rover_ws/install/rc_msgs/local/lib/python3.10/dist-packages/rc_msgs/_rc_msgs_s.ep.rosidl_typesupport_introspection_c.c
[0.396s] -- Up-to-date: /home/abhishek/mars_rover/rover_ws/install/rc_msgs/local/lib/python3.10/dist-packages/rc_msgs/_rc_msgs_s.ep.rosidl_typesupport_fastrtps_c.c
[0.396s] -- Up-to-date: /home/abhishek/mars_rover/rover_ws/install/rc_msgs/local/lib/python3.10/dist-packages/rc_msgs/rc_msgs_s__rosidl_typesupport_microxrcedds_c.cpython-310-x86_64-linux-gnu.so
[0.396s] -- Up-to-date: /home/abhishek/mars_rover/rover_ws/install/rc_msgs/local/lib/python3.10/dist-packages/rc_msgs/__init__.py
[0.396s] -- Up-to-date: /home/abhishek/mars_rover/rover_ws/install/rc_msgs/local/lib/python3.10/dist-packages/rc_msgs/rc_msgs_s__rosidl_typesupport_introspection_c.cpython-310-x86_64-linux-gnu.so
[0.396s] -- Up-to-date: /home/abhishek/mars_rover/rover_ws/install/rc_msgs/local/lib/python3.10/dist-packages/rc_msgs/rc_msgs_s__rosidl_typesupport_fastrtps_c.cpython-310-x86_64-linux-gnu.so
[0.396s] -- Up-to-date: /home/abhishek/mars_rover/rover_ws/install/rc_msgs/local/lib/python3.10/dist-packages/rc_msgs/librc_msgs__rosidl_generator_py.so
[0.396s] -- Up-to-date: /home/abhishek/mars_rover/rover_ws/install/rc_msgs/local/lib/python3.10/dist-packages/rc_msgs/_rc_msgs_s.ep.rosidl_typesupport_microxrcedds_c.c
[0.396s] -- Up-to-date: /home/abhishek/mars_rover/rover_ws/install/rc_msgs/local/lib/python3.10/dist-packages/rc_msgs/rc_msgs_s__rosidl_typesupport_c.cpython-310-x86_64-linux-gnu.so
[0.434s] Listing '/home/abhishek/mars_rover/rover_ws/install/rc_msgs/local/lib/python3.10/dist-packages/rc_msgs'...
[0.434s] Listing '/home/abhishek/mars_rover/rover_ws/install/rc_msgs/local/lib/python3.10/dist-packages/rc_msgs/msg'...
[0.438s] -- Up-to-date: /home/abhishek/mars_rover/rover_ws/install/rc_msgs/local/lib/python3.10/dist-packages/rc_msgs/rc_msgs_s__rosidl_typesupport_microxrcedds_c.cpython-310-x86_64-linux-gnu.so
[0.438s] -- Up-to-date: /home/abhishek/mars_rover/rover_ws/install/rc_msgs/local/lib/python3.10/dist-packages/rc_msgs/rc_msgs_s__rosidl_typesupport_fastrtps_c.cpython-310-x86_64-linux-gnu.so
[0.438s] -- Up-to-date: /home/abhishek/mars_rover/rover_ws/install/rc_msgs/local/lib/python3.10/dist-packages/rc_msgs/rc_msgs_s__rosidl_typesupport_introspection_c.cpython-310-x86_64-linux-gnu.so
[0.438s] -- Up-to-date: /home/abhishek/mars_rover/rover_ws/install/rc_msgs/local/lib/python3.10/dist-packages/rc_msgs/rc_msgs_s__rosidl_typesupport_c.cpython-310-x86_64-linux-gnu.so
[0.438s] -- Up-to-date: /home/abhishek/mars_rover/rover_ws/install/rc_msgs/lib/librc_msgs__rosidl_generator_py.so
[0.438s] -- Up-to-date: /home/abhishek/mars_rover/rover_ws/install/rc_msgs/share/rc_msgs/msg/RcMsg.idl
[0.439s] -- Up-to-date: /home/abhishek/mars_rover/rover_ws/install/rc_msgs/share/rc_msgs/msg/RcMsg.msg
[0.439s] -- Up-to-date: /home/abhishek/mars_rover/rover_ws/install/rc_msgs/share/ament_index/resource_index/package_run_dependencies/rc_msgs
[0.439s] -- Up-to-date: /home/abhishek/mars_rover/rover_ws/install/rc_msgs/share/ament_index/resource_index/parent_prefix_path/rc_msgs
[0.439s] -- Up-to-date: /home/abhishek/mars_rover/rover_ws/install/rc_msgs/share/rc_msgs/environment/ament_prefix_path.sh
[0.439s] -- Up-to-date: /home/abhishek/mars_rover/rover_ws/install/rc_msgs/share/rc_msgs/environment/ament_prefix_path.dsv
[0.439s] -- Up-to-date: /home/abhishek/mars_rover/rover_ws/install/rc_msgs/share/rc_msgs/environment/path.sh
[0.439s] -- Up-to-date: /home/abhishek/mars_rover/rover_ws/install/rc_msgs/share/rc_msgs/environment/path.dsv
[0.439s] -- Up-to-date: /home/abhishek/mars_rover/rover_ws/install/rc_msgs/share/rc_msgs/local_setup.bash
[0.439s] -- Up-to-date: /home/abhishek/mars_rover/rover_ws/install/rc_msgs/share/rc_msgs/local_setup.sh
[0.439s] -- Up-to-date: /home/abhishek/mars_rover/rover_ws/install/rc_msgs/share/rc_msgs/local_setup.zsh
[0.439s] -- Up-to-date: /home/abhishek/mars_rover/rover_ws/install/rc_msgs/share/rc_msgs/local_setup.dsv
[0.439s] -- Installing: /home/abhishek/mars_rover/rover_ws/install/rc_msgs/share/rc_msgs/package.dsv
[0.439s] -- Up-to-date: /home/abhishek/mars_rover/rover_ws/install/rc_msgs/share/ament_index/resource_index/packages/rc_msgs
[0.439s] -- Up-to-date: /home/abhishek/mars_rover/rover_ws/install/rc_msgs/share/rc_msgs/cmake/export_rc_msgs__rosidl_generator_cExport.cmake
[0.439s] -- Up-to-date: /home/abhishek/mars_rover/rover_ws/install/rc_msgs/share/rc_msgs/cmake/export_rc_msgs__rosidl_generator_cExport-noconfig.cmake
[0.439s] -- Up-to-date: /home/abhishek/mars_rover/rover_ws/install/rc_msgs/share/rc_msgs/cmake/export_rc_msgs__rosidl_typesupport_fastrtps_cExport.cmake
[0.439s] -- Up-to-date: /home/abhishek/mars_rover/rover_ws/install/rc_msgs/share/rc_msgs/cmake/export_rc_msgs__rosidl_typesupport_fastrtps_cExport-noconfig.cmake
[0.440s] -- Up-to-date: /home/abhishek/mars_rover/rover_ws/install/rc_msgs/share/rc_msgs/cmake/rc_msgs__rosidl_typesupport_introspection_cExport.cmake
[0.440s] -- Up-to-date: /home/abhishek/mars_rover/rover_ws/install/rc_msgs/share/rc_msgs/cmake/rc_msgs__rosidl_typesupport_introspection_cExport-noconfig.cmake
[0.440s] -- Up-to-date: /home/abhishek/mars_rover/rover_ws/install/rc_msgs/share/rc_msgs/cmake/rc_msgs__rosidl_typesupport_cExport.cmake
[0.440s] -- Up-to-date: /home/abhishek/mars_rover/rover_ws/install/rc_msgs/share/rc_msgs/cmake/rc_msgs__rosidl_typesupport_cExport-noconfig.cmake
[0.440s] -- Up-to-date: /home/abhishek/mars_rover/rover_ws/install/rc_msgs/share/rc_msgs/cmake/export_rc_msgs__rosidl_generator_cppExport.cmake
[0.440s] -- Up-to-date: /home/abhishek/mars_rover/rover_ws/install/rc_msgs/share/rc_msgs/cmake/export_rc_msgs__rosidl_typesupport_fastrtps_cppExport.cmake
[0.440s] -- Up-to-date: /home/abhishek/mars_rover/rover_ws/install/rc_msgs/share/rc_msgs/cmake/export_rc_msgs__rosidl_typesupport_fastrtps_cppExport-noconfig.cmake
[0.440s] -- Up-to-date: /home/abhishek/mars_rover/rover_ws/install/rc_msgs/share/rc_msgs/cmake/rc_msgs__rosidl_typesupport_introspection_cppExport.cmake
[0.440s] -- Up-to-date: /home/abhishek/mars_rover/rover_ws/install/rc_msgs/share/rc_msgs/cmake/rc_msgs__rosidl_typesupport_introspection_cppExport-noconfig.cmake
[0.440s] -- Up-to-date: /home/abhishek/mars_rover/rover_ws/install/rc_msgs/share/rc_msgs/cmake/rc_msgs__rosidl_typesupport_cppExport.cmake
[0.440s] -- Up-to-date: /home/abhishek/mars_rover/rover_ws/install/rc_msgs/share/rc_msgs/cmake/rc_msgs__rosidl_typesupport_cppExport-noconfig.cmake
[0.440s] -- Up-to-date: /home/abhishek/mars_rover/rover_ws/install/rc_msgs/share/rc_msgs/cmake/export_rc_msgs__rosidl_generator_pyExport.cmake
[0.440s] -- Up-to-date: /home/abhishek/mars_rover/rover_ws/install/rc_msgs/share/rc_msgs/cmake/export_rc_msgs__rosidl_generator_pyExport-noconfig.cmake
[0.440s] -- Up-to-date: /home/abhishek/mars_rover/rover_ws/install/rc_msgs/share/rc_msgs/cmake/rosidl_cmake-extras.cmake
[0.440s] -- Up-to-date: /home/abhishek/mars_rover/rover_ws/install/rc_msgs/share/rc_msgs/cmake/ament_cmake_export_include_directories-extras.cmake
[0.440s] -- Up-to-date: /home/abhishek/mars_rover/rover_ws/install/rc_msgs/share/rc_msgs/cmake/ament_cmake_export_libraries-extras.cmake
[0.440s] -- Up-to-date: /home/abhishek/mars_rover/rover_ws/install/rc_msgs/share/rc_msgs/cmake/ament_cmake_export_targets-extras.cmake
[0.440s] -- Up-to-date: /home/abhishek/mars_rover/rover_ws/install/rc_msgs/share/rc_msgs/cmake/rosidl_cmake_export_typesupport_targets-extras.cmake
[0.440s] -- Up-to-date: /home/abhishek/mars_rover/rover_ws/install/rc_msgs/share/rc_msgs/cmake/ament_cmake_export_dependencies-extras.cmake
[0.441s] -- Up-to-date: /home/abhishek/mars_rover/rover_ws/install/rc_msgs/share/rc_msgs/cmake/rosidl_cmake_export_typesupport_libraries-extras.cmake
[0.441s] -- Up-to-date: /home/abhishek/mars_rover/rover_ws/install/rc_msgs/share/rc_msgs/cmake/rc_msgsConfig.cmake
[0.441s] -- Up-to-date: /home/abhishek/mars_rover/rover_ws/install/rc_msgs/share/rc_msgs/cmake/rc_msgsConfig-version.cmake
[0.441s] -- Up-to-date: /home/abhishek/mars_rover/rover_ws/install/rc_msgs/share/rc_msgs/package.xml
[0.441s] Invoked command in '/home/abhishek/mars_rover/rover_ws/build/rc_msgs' returned '0': /usr/bin/cmake --install /home/abhishek/mars_rover/rover_ws/build/rc_msgs
